2025-08-06 22:27:30.0602 - INFO - graphrag.cli.index - Logging enabled at C:\Users\tiago\Documents\Granter Ai Internship\Implementation\KGs_for_Vertical_AI\GraphRAG\ragtest\logs\logs.txt
2025-08-06 22:28:30.0945 - INFO - graphrag.index.validate_config - LLM Config Params Validated
2025-08-06 22:28:32.0368 - INFO - graphrag.index.validate_config - Embedding LLM Config Params Validated
2025-08-06 22:28:32.0369 - INFO - graphrag.cli.index - Starting pipeline run. False
2025-08-06 22:28:32.0375 - INFO - graphrag.cli.index - Using default configuration: {
    "root_dir": "C:\\Users\\tiago\\Documents\\Granter Ai Internship\\Implementation\\KGs_for_Vertical_AI\\GraphRAG\\ragtest",
    "models": {
        "default_chat_model": {
            "api_key": "==== REDACTED ====",
            "auth_type": "api_key",
            "type": "openai_chat",
            "model": "llama3.2:3b",
            "encoding_model": "cl100k_base",
            "api_base": "http://localhost:11434/v1",
            "api_version": null,
            "deployment_name": null,
            "proxy": null,
            "audience": null,
            "model_supports_json": true,
            "request_timeout": 900.0,
            "tokens_per_minute": "auto",
            "requests_per_minute": "auto",
            "retry_strategy": "native",
            "max_retries": 3,
            "max_retry_wait": 10.0,
            "concurrent_requests": 1,
            "async_mode": "threaded",
            "responses": null,
            "max_tokens": null,
            "temperature": 0,
            "max_completion_tokens": null,
            "reasoning_effort": null,
            "top_p": 1,
            "n": 1,
            "frequency_penalty": 0.0,
            "presence_penalty": 0.0
        },
        "default_embedding_model": {
            "api_key": "==== REDACTED ====",
            "auth_type": "api_key",
            "type": "openai_embedding",
            "model": "nomic-embed-text:v1.5",
            "encoding_model": "cl100k_base",
            "api_base": "http://localhost:11434/v1",
            "api_version": null,
            "deployment_name": null,
            "proxy": null,
            "audience": null,
            "model_supports_json": false,
            "request_timeout": 180.0,
            "tokens_per_minute": null,
            "requests_per_minute": null,
            "retry_strategy": "native",
            "max_retries": 3,
            "max_retry_wait": 10.0,
            "concurrent_requests": 10,
            "async_mode": "threaded",
            "responses": null,
            "max_tokens": null,
            "temperature": 0,
            "max_completion_tokens": null,
            "reasoning_effort": null,
            "top_p": 1,
            "n": 1,
            "frequency_penalty": 0.0,
            "presence_penalty": 0.0
        }
    },
    "input": {
        "storage": {
            "type": "file",
            "base_dir": "C:\\Users\\tiago\\Documents\\Granter Ai Internship\\Implementation\\KGs_for_Vertical_AI\\GraphRAG\\ragtest\\input",
            "storage_account_blob_url": null,
            "cosmosdb_account_url": null
        },
        "file_type": "text",
        "encoding": "utf-8",
        "file_pattern": ".*\\.txt$",
        "file_filter": null,
        "text_column": "text",
        "title_column": null,
        "metadata": null
    },
    "chunks": {
        "size": 1200,
        "overlap": 100,
        "group_by_columns": [
            "id"
        ],
        "strategy": "tokens",
        "encoding_model": "cl100k_base",
        "prepend_metadata": false,
        "chunk_size_includes_metadata": false
    },
    "output": {
        "type": "file",
        "base_dir": "C:\\Users\\tiago\\Documents\\Granter Ai Internship\\Implementation\\KGs_for_Vertical_AI\\GraphRAG\\ragtest\\output",
        "storage_account_blob_url": null,
        "cosmosdb_account_url": null
    },
    "outputs": null,
    "update_index_output": {
        "type": "file",
        "base_dir": "C:\\Users\\tiago\\Documents\\Granter Ai Internship\\Implementation\\KGs_for_Vertical_AI\\GraphRAG\\ragtest\\update_output",
        "storage_account_blob_url": null,
        "cosmosdb_account_url": null
    },
    "cache": {
        "type": "file",
        "base_dir": "cache",
        "storage_account_blob_url": null,
        "cosmosdb_account_url": null
    },
    "reporting": {
        "type": "file",
        "base_dir": "C:\\Users\\tiago\\Documents\\Granter Ai Internship\\Implementation\\KGs_for_Vertical_AI\\GraphRAG\\ragtest\\logs",
        "storage_account_blob_url": null
    },
    "vector_store": {
        "default_vector_store": {
            "type": "lancedb",
            "db_uri": "C:\\Users\\tiago\\Documents\\Granter Ai Internship\\Implementation\\KGs_for_Vertical_AI\\GraphRAG\\ragtest\\output\\lancedb",
            "url": null,
            "audience": null,
            "container_name": "==== REDACTED ====",
            "database_name": null,
            "overwrite": true
        }
    },
    "workflows": null,
    "embed_text": {
        "model_id": "default_embedding_model",
        "vector_store_id": "default_vector_store",
        "batch_size": 16,
        "batch_max_tokens": 8191,
        "names": [
            "entity.description",
            "community.full_content",
            "text_unit.text"
        ],
        "strategy": null
    },
    "extract_graph": {
        "model_id": "default_chat_model",
        "prompt": "prompts/extract_graph.txt",
        "entity_types": [
            "organization",
            "person",
            "event"
        ],
        "max_gleanings": 0,
        "strategy": null
    },
    "summarize_descriptions": {
        "model_id": "default_chat_model",
        "prompt": "prompts/summarize_descriptions.txt",
        "max_length": 500,
        "max_input_tokens": 4000,
        "strategy": null
    },
    "extract_graph_nlp": {
        "normalize_edge_weights": true,
        "text_analyzer": {
            "extractor_type": "regex_english",
            "model_name": "en_core_web_md",
            "max_word_length": 15,
            "word_delimiter": " ",
            "include_named_entities": true,
            "exclude_nouns": [
                "stuff",
                "thing",
                "things",
                "bunch",
                "bit",
                "bits",
                "people",
                "person",
                "okay",
                "hey",
                "hi",
                "hello",
                "laughter",
                "oh"
            ],
            "exclude_entity_tags": [
                "DATE"
            ],
            "exclude_pos_tags": [
                "DET",
                "PRON",
                "INTJ",
                "X"
            ],
            "noun_phrase_tags": [
                "PROPN",
                "NOUNS"
            ],
            "noun_phrase_grammars": {
                "PROPN,PROPN": "PROPN",
                "NOUN,NOUN": "NOUNS",
                "NOUNS,NOUN": "NOUNS",
                "ADJ,ADJ": "ADJ",
                "ADJ,NOUN": "NOUNS"
            }
        },
        "concurrent_requests": 25
    },
    "prune_graph": {
        "min_node_freq": 2,
        "max_node_freq_std": null,
        "min_node_degree": 1,
        "max_node_degree_std": null,
        "min_edge_weight_pct": 40.0,
        "remove_ego_nodes": true,
        "lcc_only": false
    },
    "cluster_graph": {
        "max_cluster_size": 10,
        "use_lcc": true,
        "seed": 3735928559
    },
    "extract_claims": {
        "enabled": false,
        "model_id": "default_chat_model",
        "prompt": "prompts/extract_claims.txt",
        "description": "Any claims or facts that could be relevant to information discovery.",
        "max_gleanings": 1,
        "strategy": null
    },
    "community_reports": {
        "model_id": "default_chat_model",
        "graph_prompt": "prompts/community_report_graph.txt",
        "text_prompt": "prompts/community_report_text.txt",
        "max_length": 2000,
        "max_input_length": 8000,
        "strategy": null
    },
    "embed_graph": {
        "enabled": false,
        "dimensions": 1536,
        "num_walks": 10,
        "walk_length": 40,
        "window_size": 2,
        "iterations": 3,
        "random_seed": 597832,
        "use_lcc": true
    },
    "umap": {
        "enabled": false
    },
    "snapshots": {
        "embeddings": false,
        "graphml": false,
        "raw_graph": false
    },
    "local_search": {
        "prompt": "prompts/local_search_system_prompt.txt",
        "chat_model_id": "default_chat_model",
        "embedding_model_id": "default_embedding_model",
        "text_unit_prop": 0.5,
        "community_prop": 0.15,
        "conversation_history_max_turns": 5,
        "top_k_entities": 10,
        "top_k_relationships": 10,
        "max_context_tokens": 12000
    },
    "global_search": {
        "map_prompt": "prompts/global_search_map_system_prompt.txt",
        "reduce_prompt": "prompts/global_search_reduce_system_prompt.txt",
        "chat_model_id": "default_chat_model",
        "knowledge_prompt": "prompts/global_search_knowledge_system_prompt.txt",
        "max_context_tokens": 12000,
        "data_max_tokens": 12000,
        "map_max_length": 1000,
        "reduce_max_length": 2000,
        "dynamic_search_threshold": 1,
        "dynamic_search_keep_parent": false,
        "dynamic_search_num_repeats": 1,
        "dynamic_search_use_summary": false,
        "dynamic_search_max_level": 2
    },
    "drift_search": {
        "prompt": "prompts/drift_search_system_prompt.txt",
        "reduce_prompt": "prompts/drift_search_reduce_prompt.txt",
        "chat_model_id": "default_chat_model",
        "embedding_model_id": "default_embedding_model",
        "data_max_tokens": 12000,
        "reduce_max_tokens": null,
        "reduce_temperature": 0,
        "reduce_max_completion_tokens": null,
        "concurrency": 32,
        "drift_k_followups": 20,
        "primer_folds": 5,
        "primer_llm_max_tokens": 12000,
        "n_depth": 3,
        "local_search_text_unit_prop": 0.9,
        "local_search_community_prop": 0.1,
        "local_search_top_k_mapped_entities": 10,
        "local_search_top_k_relationships": 10,
        "local_search_max_data_tokens": 12000,
        "local_search_temperature": 0,
        "local_search_top_p": 1,
        "local_search_n": 1,
        "local_search_llm_max_gen_tokens": null,
        "local_search_llm_max_gen_completion_tokens": null
    },
    "basic_search": {
        "prompt": "prompts/basic_search_system_prompt.txt",
        "chat_model_id": "default_chat_model",
        "embedding_model_id": "default_embedding_model",
        "k": 10,
        "max_context_tokens": 12000
    }
}
2025-08-06 22:28:32.0388 - INFO - graphrag.api.index - Initializing indexing pipeline...
2025-08-06 22:28:32.0389 - INFO - graphrag.index.workflows.factory - Creating pipeline with workflows: ['load_input_documents', 'create_base_text_units', 'create_final_documents', 'extract_graph', 'finalize_graph', 'extract_covariates', 'create_communities', 'create_final_text_units', 'create_community_reports', 'generate_text_embeddings']
2025-08-06 22:28:32.0390 - INFO - graphrag.storage.file_pipeline_storage - Creating file storage at C:\Users\tiago\Documents\Granter Ai Internship\Implementation\KGs_for_Vertical_AI\GraphRAG\ragtest\input
2025-08-06 22:28:32.0390 - INFO - graphrag.storage.file_pipeline_storage - Creating file storage at C:\Users\tiago\Documents\Granter Ai Internship\Implementation\KGs_for_Vertical_AI\GraphRAG\ragtest\output
2025-08-06 22:28:32.0397 - INFO - graphrag.index.run.run_pipeline - Running standard indexing.
2025-08-06 22:28:32.0405 - INFO - graphrag.index.run.run_pipeline - Executing pipeline...
2025-08-06 22:28:32.0405 - INFO - graphrag.index.input.factory - loading input from root_dir=C:\Users\tiago\Documents\Granter Ai Internship\Implementation\KGs_for_Vertical_AI\GraphRAG\ragtest\input
2025-08-06 22:28:32.0405 - INFO - graphrag.index.input.factory - Loading Input InputFileType.text
2025-08-06 22:28:32.0406 - INFO - graphrag.storage.file_pipeline_storage - search C:\Users\tiago\Documents\Granter Ai Internship\Implementation\KGs_for_Vertical_AI\GraphRAG\ragtest\input for files matching .*\.txt$
2025-08-06 22:28:32.0415 - INFO - graphrag.index.input.util - Found 1 InputFileType.text files, loading 1
2025-08-06 22:28:32.0416 - INFO - graphrag.index.input.util - Total number of unfiltered InputFileType.text rows: 1
2025-08-06 22:28:32.0416 - INFO - graphrag.index.workflows.load_input_documents - Final # of rows loaded: 1
2025-08-06 22:28:32.0440 - INFO - graphrag.api.index - Workflow load_input_documents completed successfully
2025-08-06 22:28:32.0457 - INFO - graphrag.index.workflows.create_base_text_units - Workflow started: create_base_text_units
2025-08-06 22:28:32.0458 - INFO - graphrag.utils.storage - reading table from storage: documents.parquet
2025-08-06 22:28:32.0500 - INFO - graphrag.index.workflows.create_base_text_units - Starting chunking process for 1 documents
2025-08-06 22:28:32.0562 - INFO - graphrag.index.workflows.create_base_text_units - chunker progress:  1/1
2025-08-06 22:28:32.0587 - INFO - graphrag.index.workflows.create_base_text_units - Workflow completed: create_base_text_units
2025-08-06 22:28:32.0588 - INFO - graphrag.api.index - Workflow create_base_text_units completed successfully
2025-08-06 22:28:32.0616 - INFO - graphrag.index.workflows.create_final_documents - Workflow started: create_final_documents
2025-08-06 22:28:32.0618 - INFO - graphrag.utils.storage - reading table from storage: documents.parquet
2025-08-06 22:28:32.0626 - INFO - graphrag.utils.storage - reading table from storage: text_units.parquet
2025-08-06 22:28:32.0877 - INFO - graphrag.index.workflows.create_final_documents - Workflow completed: create_final_documents
2025-08-06 22:28:32.0877 - INFO - graphrag.api.index - Workflow create_final_documents completed successfully
2025-08-06 22:28:32.0894 - INFO - graphrag.index.workflows.extract_graph - Workflow started: extract_graph
2025-08-06 22:28:32.0896 - INFO - graphrag.utils.storage - reading table from storage: text_units.parquet
2025-08-06 22:31:38.0703 - INFO - graphrag.logger.progress - extract graph progress: 1/51
2025-08-06 22:36:05.0462 - INFO - graphrag.logger.progress - extract graph progress: 2/51
2025-08-06 22:40:37.0857 - INFO - graphrag.logger.progress - extract graph progress: 3/51
2025-08-06 22:43:21.0977 - INFO - graphrag.logger.progress - extract graph progress: 4/51
2025-08-06 22:45:43.0925 - INFO - graphrag.logger.progress - extract graph progress: 5/51
2025-08-06 22:48:55.0910 - INFO - graphrag.logger.progress - extract graph progress: 6/51
2025-08-06 23:50:00.0226 - ERROR - graphrag.index.operations.extract_graph.graph_extractor - error extracting graph
Traceback (most recent call last):
  File "C:\Users\tiago\Documents\Granter Ai Internship\Implementation\KGs_for_Vertical_AI\.venv\Lib\site-packages\httpx\_transports\default.py", line 101, in map_httpcore_exceptions
    yield
  File "C:\Users\tiago\Documents\Granter Ai Internship\Implementation\KGs_for_Vertical_AI\.venv\Lib\site-packages\httpx\_transports\default.py", line 394, in handle_async_request
    resp = await self._pool.handle_async_request(req)
           ^^^^^^^^^^^^^^^^^^^^^^^^^^^^^^^^^^^^^^^^^^
  File "C:\Users\tiago\Documents\Granter Ai Internship\Implementation\KGs_for_Vertical_AI\.venv\Lib\site-packages\httpcore\_async\connection_pool.py", line 256, in handle_async_request
    raise exc from None
  File "C:\Users\tiago\Documents\Granter Ai Internship\Implementation\KGs_for_Vertical_AI\.venv\Lib\site-packages\httpcore\_async\connection_pool.py", line 236, in handle_async_request
    response = await connection.handle_async_request(
               ^^^^^^^^^^^^^^^^^^^^^^^^^^^^^^^^^^^^^^
  File "C:\Users\tiago\Documents\Granter Ai Internship\Implementation\KGs_for_Vertical_AI\.venv\Lib\site-packages\httpcore\_async\connection.py", line 103, in handle_async_request
    return await self._connection.handle_async_request(request)
           ^^^^^^^^^^^^^^^^^^^^^^^^^^^^^^^^^^^^^^^^^^^^^^^^^^^^
  File "C:\Users\tiago\Documents\Granter Ai Internship\Implementation\KGs_for_Vertical_AI\.venv\Lib\site-packages\httpcore\_async\http11.py", line 136, in handle_async_request
    raise exc
  File "C:\Users\tiago\Documents\Granter Ai Internship\Implementation\KGs_for_Vertical_AI\.venv\Lib\site-packages\httpcore\_async\http11.py", line 106, in handle_async_request
    ) = await self._receive_response_headers(**kwargs)
        ^^^^^^^^^^^^^^^^^^^^^^^^^^^^^^^^^^^^^^^^^^^^^^
  File "C:\Users\tiago\Documents\Granter Ai Internship\Implementation\KGs_for_Vertical_AI\.venv\Lib\site-packages\httpcore\_async\http11.py", line 177, in _receive_response_headers
    event = await self._receive_event(timeout=timeout)
            ^^^^^^^^^^^^^^^^^^^^^^^^^^^^^^^^^^^^^^^^^^
  File "C:\Users\tiago\Documents\Granter Ai Internship\Implementation\KGs_for_Vertical_AI\.venv\Lib\site-packages\httpcore\_async\http11.py", line 217, in _receive_event
    data = await self._network_stream.read(
           ^^^^^^^^^^^^^^^^^^^^^^^^^^^^^^^^
  File "C:\Users\tiago\Documents\Granter Ai Internship\Implementation\KGs_for_Vertical_AI\.venv\Lib\site-packages\httpcore\_backends\anyio.py", line 32, in read
    with map_exceptions(exc_map):
         ^^^^^^^^^^^^^^^^^^^^^^^
  File "C:\Users\tiago\AppData\Local\Programs\Python\Python312\Lib\contextlib.py", line 158, in __exit__
    self.gen.throw(value)
  File "C:\Users\tiago\Documents\Granter Ai Internship\Implementation\KGs_for_Vertical_AI\.venv\Lib\site-packages\httpcore\_exceptions.py", line 14, in map_exceptions
    raise to_exc(exc) from exc
httpcore.ReadTimeout

The above exception was the direct cause of the following exception:

Traceback (most recent call last):
  File "C:\Users\tiago\Documents\Granter Ai Internship\Implementation\KGs_for_Vertical_AI\.venv\Lib\site-packages\openai\_base_client.py", line 1529, in request
    response = await self._client.send(
               ^^^^^^^^^^^^^^^^^^^^^^^^
  File "C:\Users\tiago\Documents\Granter Ai Internship\Implementation\KGs_for_Vertical_AI\.venv\Lib\site-packages\httpx\_client.py", line 1629, in send
    response = await self._send_handling_auth(
               ^^^^^^^^^^^^^^^^^^^^^^^^^^^^^^^
  File "C:\Users\tiago\Documents\Granter Ai Internship\Implementation\KGs_for_Vertical_AI\.venv\Lib\site-packages\httpx\_client.py", line 1657, in _send_handling_auth
    response = await self._send_handling_redirects(
               ^^^^^^^^^^^^^^^^^^^^^^^^^^^^^^^^^^^^
  File "C:\Users\tiago\Documents\Granter Ai Internship\Implementation\KGs_for_Vertical_AI\.venv\Lib\site-packages\httpx\_client.py", line 1694, in _send_handling_redirects
    response = await self._send_single_request(request)
               ^^^^^^^^^^^^^^^^^^^^^^^^^^^^^^^^^^^^^^^^
  File "C:\Users\tiago\Documents\Granter Ai Internship\Implementation\KGs_for_Vertical_AI\.venv\Lib\site-packages\httpx\_client.py", line 1730, in _send_single_request
    response = await transport.handle_async_request(request)
               ^^^^^^^^^^^^^^^^^^^^^^^^^^^^^^^^^^^^^^^^^^^^^
  File "C:\Users\tiago\Documents\Granter Ai Internship\Implementation\KGs_for_Vertical_AI\.venv\Lib\site-packages\httpx\_transports\default.py", line 393, in handle_async_request
    with map_httpcore_exceptions():
         ^^^^^^^^^^^^^^^^^^^^^^^^^
  File "C:\Users\tiago\AppData\Local\Programs\Python\Python312\Lib\contextlib.py", line 158, in __exit__
    self.gen.throw(value)
  File "C:\Users\tiago\Documents\Granter Ai Internship\Implementation\KGs_for_Vertical_AI\.venv\Lib\site-packages\httpx\_transports\default.py", line 118, in map_httpcore_exceptions
    raise mapped_exc(message) from exc
httpx.ReadTimeout

The above exception was the direct cause of the following exception:

Traceback (most recent call last):
  File "C:\Users\tiago\Documents\Granter Ai Internship\Implementation\KGs_for_Vertical_AI\.venv\Lib\site-packages\graphrag\index\operations\extract_graph\graph_extractor.py", line 118, in __call__
    result = await self._process_document(text, prompt_variables)
             ^^^^^^^^^^^^^^^^^^^^^^^^^^^^^^^^^^^^^^^^^^^^^^^^^^^^
  File "C:\Users\tiago\Documents\Granter Ai Internship\Implementation\KGs_for_Vertical_AI\.venv\Lib\site-packages\graphrag\index\operations\extract_graph\graph_extractor.py", line 146, in _process_document
    response = await self._model.achat(
               ^^^^^^^^^^^^^^^^^^^^^^^^
  File "C:\Users\tiago\Documents\Granter Ai Internship\Implementation\KGs_for_Vertical_AI\.venv\Lib\site-packages\graphrag\language_model\providers\fnllm\models.py", line 82, in achat
    response = await self.model(prompt, **kwargs)
               ^^^^^^^^^^^^^^^^^^^^^^^^^^^^^^^^^^
  File "C:\Users\tiago\Documents\Granter Ai Internship\Implementation\KGs_for_Vertical_AI\.venv\Lib\site-packages\fnllm\openai\llm\openai_chat_llm.py", line 94, in __call__
    return await self._text_chat_llm(prompt, **kwargs)
           ^^^^^^^^^^^^^^^^^^^^^^^^^^^^^^^^^^^^^^^^^^^
  File "C:\Users\tiago\Documents\Granter Ai Internship\Implementation\KGs_for_Vertical_AI\.venv\Lib\site-packages\fnllm\openai\services\openai_tools_parsing.py", line 130, in __call__
    return await self._delegate(prompt, **kwargs)
           ^^^^^^^^^^^^^^^^^^^^^^^^^^^^^^^^^^^^^^
  File "C:\Users\tiago\Documents\Granter Ai Internship\Implementation\KGs_for_Vertical_AI\.venv\Lib\site-packages\fnllm\base\base_llm.py", line 144, in __call__
    return await self._decorated_target(prompt, **kwargs)
           ^^^^^^^^^^^^^^^^^^^^^^^^^^^^^^^^^^^^^^^^^^^^^^
  File "C:\Users\tiago\Documents\Granter Ai Internship\Implementation\KGs_for_Vertical_AI\.venv\Lib\site-packages\fnllm\base\services\json.py", line 78, in invoke
    return await delegate(prompt, **kwargs)
           ^^^^^^^^^^^^^^^^^^^^^^^^^^^^^^^^
  File "C:\Users\tiago\Documents\Granter Ai Internship\Implementation\KGs_for_Vertical_AI\.venv\Lib\site-packages\fnllm\base\services\cached.py", line 137, in invoke
    result = await delegate(prompt, **kwargs)
             ^^^^^^^^^^^^^^^^^^^^^^^^^^^^^^^^
  File "C:\Users\tiago\Documents\Granter Ai Internship\Implementation\KGs_for_Vertical_AI\.venv\Lib\site-packages\fnllm\base\services\rate_limiter.py", line 75, in invoke
    result = await delegate(prompt, **args)
             ^^^^^^^^^^^^^^^^^^^^^^^^^^^^^^
  File "C:\Users\tiago\Documents\Granter Ai Internship\Implementation\KGs_for_Vertical_AI\.venv\Lib\site-packages\fnllm\base\base_llm.py", line 126, in _decorator_target
    output = await self._execute_llm(prompt, kwargs)
             ^^^^^^^^^^^^^^^^^^^^^^^^^^^^^^^^^^^^^^^
  File "C:\Users\tiago\Documents\Granter Ai Internship\Implementation\KGs_for_Vertical_AI\.venv\Lib\site-packages\fnllm\openai\llm\openai_text_chat_llm.py", line 173, in _execute_llm
    raw_response = await self._client.chat.completions.with_raw_response.create(
                   ^^^^^^^^^^^^^^^^^^^^^^^^^^^^^^^^^^^^^^^^^^^^^^^^^^^^^^^^^^^^^
  File "C:\Users\tiago\Documents\Granter Ai Internship\Implementation\KGs_for_Vertical_AI\.venv\Lib\site-packages\openai\_legacy_response.py", line 381, in wrapped
    return cast(LegacyAPIResponse[R], await func(*args, **kwargs))
                                      ^^^^^^^^^^^^^^^^^^^^^^^^^^^
  File "C:\Users\tiago\Documents\Granter Ai Internship\Implementation\KGs_for_Vertical_AI\.venv\Lib\site-packages\openai\resources\chat\completions\completions.py", line 2556, in create
    return await self._post(
           ^^^^^^^^^^^^^^^^^
  File "C:\Users\tiago\Documents\Granter Ai Internship\Implementation\KGs_for_Vertical_AI\.venv\Lib\site-packages\openai\_base_client.py", line 1794, in post
    return await self.request(cast_to, opts, stream=stream, stream_cls=stream_cls)
           ^^^^^^^^^^^^^^^^^^^^^^^^^^^^^^^^^^^^^^^^^^^^^^^^^^^^^^^^^^^^^^^^^^^^^^^
  File "C:\Users\tiago\Documents\Granter Ai Internship\Implementation\KGs_for_Vertical_AI\.venv\Lib\site-packages\openai\_base_client.py", line 1547, in request
    raise APITimeoutError(request=request) from err
openai.APITimeoutError: Request timed out.
2025-08-06 23:50:00.0255 - ERROR - graphrag.index.operations.extract_graph.graph_intelligence_strategy - Entity Extraction Error
Traceback (most recent call last):
  File "C:\Users\tiago\Documents\Granter Ai Internship\Implementation\KGs_for_Vertical_AI\.venv\Lib\site-packages\httpx\_transports\default.py", line 101, in map_httpcore_exceptions
    yield
  File "C:\Users\tiago\Documents\Granter Ai Internship\Implementation\KGs_for_Vertical_AI\.venv\Lib\site-packages\httpx\_transports\default.py", line 394, in handle_async_request
    resp = await self._pool.handle_async_request(req)
           ^^^^^^^^^^^^^^^^^^^^^^^^^^^^^^^^^^^^^^^^^^
  File "C:\Users\tiago\Documents\Granter Ai Internship\Implementation\KGs_for_Vertical_AI\.venv\Lib\site-packages\httpcore\_async\connection_pool.py", line 256, in handle_async_request
    raise exc from None
  File "C:\Users\tiago\Documents\Granter Ai Internship\Implementation\KGs_for_Vertical_AI\.venv\Lib\site-packages\httpcore\_async\connection_pool.py", line 236, in handle_async_request
    response = await connection.handle_async_request(
               ^^^^^^^^^^^^^^^^^^^^^^^^^^^^^^^^^^^^^^
  File "C:\Users\tiago\Documents\Granter Ai Internship\Implementation\KGs_for_Vertical_AI\.venv\Lib\site-packages\httpcore\_async\connection.py", line 103, in handle_async_request
    return await self._connection.handle_async_request(request)
           ^^^^^^^^^^^^^^^^^^^^^^^^^^^^^^^^^^^^^^^^^^^^^^^^^^^^
  File "C:\Users\tiago\Documents\Granter Ai Internship\Implementation\KGs_for_Vertical_AI\.venv\Lib\site-packages\httpcore\_async\http11.py", line 136, in handle_async_request
    raise exc
  File "C:\Users\tiago\Documents\Granter Ai Internship\Implementation\KGs_for_Vertical_AI\.venv\Lib\site-packages\httpcore\_async\http11.py", line 106, in handle_async_request
    ) = await self._receive_response_headers(**kwargs)
        ^^^^^^^^^^^^^^^^^^^^^^^^^^^^^^^^^^^^^^^^^^^^^^
  File "C:\Users\tiago\Documents\Granter Ai Internship\Implementation\KGs_for_Vertical_AI\.venv\Lib\site-packages\httpcore\_async\http11.py", line 177, in _receive_response_headers
    event = await self._receive_event(timeout=timeout)
            ^^^^^^^^^^^^^^^^^^^^^^^^^^^^^^^^^^^^^^^^^^
  File "C:\Users\tiago\Documents\Granter Ai Internship\Implementation\KGs_for_Vertical_AI\.venv\Lib\site-packages\httpcore\_async\http11.py", line 217, in _receive_event
    data = await self._network_stream.read(
           ^^^^^^^^^^^^^^^^^^^^^^^^^^^^^^^^
  File "C:\Users\tiago\Documents\Granter Ai Internship\Implementation\KGs_for_Vertical_AI\.venv\Lib\site-packages\httpcore\_backends\anyio.py", line 32, in read
    with map_exceptions(exc_map):
         ^^^^^^^^^^^^^^^^^^^^^^^
  File "C:\Users\tiago\AppData\Local\Programs\Python\Python312\Lib\contextlib.py", line 158, in __exit__
    self.gen.throw(value)
  File "C:\Users\tiago\Documents\Granter Ai Internship\Implementation\KGs_for_Vertical_AI\.venv\Lib\site-packages\httpcore\_exceptions.py", line 14, in map_exceptions
    raise to_exc(exc) from exc
httpcore.ReadTimeout

The above exception was the direct cause of the following exception:

Traceback (most recent call last):
  File "C:\Users\tiago\Documents\Granter Ai Internship\Implementation\KGs_for_Vertical_AI\.venv\Lib\site-packages\openai\_base_client.py", line 1529, in request
    response = await self._client.send(
               ^^^^^^^^^^^^^^^^^^^^^^^^
  File "C:\Users\tiago\Documents\Granter Ai Internship\Implementation\KGs_for_Vertical_AI\.venv\Lib\site-packages\httpx\_client.py", line 1629, in send
    response = await self._send_handling_auth(
               ^^^^^^^^^^^^^^^^^^^^^^^^^^^^^^^
  File "C:\Users\tiago\Documents\Granter Ai Internship\Implementation\KGs_for_Vertical_AI\.venv\Lib\site-packages\httpx\_client.py", line 1657, in _send_handling_auth
    response = await self._send_handling_redirects(
               ^^^^^^^^^^^^^^^^^^^^^^^^^^^^^^^^^^^^
  File "C:\Users\tiago\Documents\Granter Ai Internship\Implementation\KGs_for_Vertical_AI\.venv\Lib\site-packages\httpx\_client.py", line 1694, in _send_handling_redirects
    response = await self._send_single_request(request)
               ^^^^^^^^^^^^^^^^^^^^^^^^^^^^^^^^^^^^^^^^
  File "C:\Users\tiago\Documents\Granter Ai Internship\Implementation\KGs_for_Vertical_AI\.venv\Lib\site-packages\httpx\_client.py", line 1730, in _send_single_request
    response = await transport.handle_async_request(request)
               ^^^^^^^^^^^^^^^^^^^^^^^^^^^^^^^^^^^^^^^^^^^^^
  File "C:\Users\tiago\Documents\Granter Ai Internship\Implementation\KGs_for_Vertical_AI\.venv\Lib\site-packages\httpx\_transports\default.py", line 393, in handle_async_request
    with map_httpcore_exceptions():
         ^^^^^^^^^^^^^^^^^^^^^^^^^
  File "C:\Users\tiago\AppData\Local\Programs\Python\Python312\Lib\contextlib.py", line 158, in __exit__
    self.gen.throw(value)
  File "C:\Users\tiago\Documents\Granter Ai Internship\Implementation\KGs_for_Vertical_AI\.venv\Lib\site-packages\httpx\_transports\default.py", line 118, in map_httpcore_exceptions
    raise mapped_exc(message) from exc
httpx.ReadTimeout

The above exception was the direct cause of the following exception:

Traceback (most recent call last):
  File "C:\Users\tiago\Documents\Granter Ai Internship\Implementation\KGs_for_Vertical_AI\.venv\Lib\site-packages\graphrag\index\operations\extract_graph\graph_extractor.py", line 118, in __call__
    result = await self._process_document(text, prompt_variables)
             ^^^^^^^^^^^^^^^^^^^^^^^^^^^^^^^^^^^^^^^^^^^^^^^^^^^^
  File "C:\Users\tiago\Documents\Granter Ai Internship\Implementation\KGs_for_Vertical_AI\.venv\Lib\site-packages\graphrag\index\operations\extract_graph\graph_extractor.py", line 146, in _process_document
    response = await self._model.achat(
               ^^^^^^^^^^^^^^^^^^^^^^^^
  File "C:\Users\tiago\Documents\Granter Ai Internship\Implementation\KGs_for_Vertical_AI\.venv\Lib\site-packages\graphrag\language_model\providers\fnllm\models.py", line 82, in achat
    response = await self.model(prompt, **kwargs)
               ^^^^^^^^^^^^^^^^^^^^^^^^^^^^^^^^^^
  File "C:\Users\tiago\Documents\Granter Ai Internship\Implementation\KGs_for_Vertical_AI\.venv\Lib\site-packages\fnllm\openai\llm\openai_chat_llm.py", line 94, in __call__
    return await self._text_chat_llm(prompt, **kwargs)
           ^^^^^^^^^^^^^^^^^^^^^^^^^^^^^^^^^^^^^^^^^^^
  File "C:\Users\tiago\Documents\Granter Ai Internship\Implementation\KGs_for_Vertical_AI\.venv\Lib\site-packages\fnllm\openai\services\openai_tools_parsing.py", line 130, in __call__
    return await self._delegate(prompt, **kwargs)
           ^^^^^^^^^^^^^^^^^^^^^^^^^^^^^^^^^^^^^^
  File "C:\Users\tiago\Documents\Granter Ai Internship\Implementation\KGs_for_Vertical_AI\.venv\Lib\site-packages\fnllm\base\base_llm.py", line 144, in __call__
    return await self._decorated_target(prompt, **kwargs)
           ^^^^^^^^^^^^^^^^^^^^^^^^^^^^^^^^^^^^^^^^^^^^^^
  File "C:\Users\tiago\Documents\Granter Ai Internship\Implementation\KGs_for_Vertical_AI\.venv\Lib\site-packages\fnllm\base\services\json.py", line 78, in invoke
    return await delegate(prompt, **kwargs)
           ^^^^^^^^^^^^^^^^^^^^^^^^^^^^^^^^
  File "C:\Users\tiago\Documents\Granter Ai Internship\Implementation\KGs_for_Vertical_AI\.venv\Lib\site-packages\fnllm\base\services\cached.py", line 137, in invoke
    result = await delegate(prompt, **kwargs)
             ^^^^^^^^^^^^^^^^^^^^^^^^^^^^^^^^
  File "C:\Users\tiago\Documents\Granter Ai Internship\Implementation\KGs_for_Vertical_AI\.venv\Lib\site-packages\fnllm\base\services\rate_limiter.py", line 75, in invoke
    result = await delegate(prompt, **args)
             ^^^^^^^^^^^^^^^^^^^^^^^^^^^^^^
  File "C:\Users\tiago\Documents\Granter Ai Internship\Implementation\KGs_for_Vertical_AI\.venv\Lib\site-packages\fnllm\base\base_llm.py", line 126, in _decorator_target
    output = await self._execute_llm(prompt, kwargs)
             ^^^^^^^^^^^^^^^^^^^^^^^^^^^^^^^^^^^^^^^
  File "C:\Users\tiago\Documents\Granter Ai Internship\Implementation\KGs_for_Vertical_AI\.venv\Lib\site-packages\fnllm\openai\llm\openai_text_chat_llm.py", line 173, in _execute_llm
    raw_response = await self._client.chat.completions.with_raw_response.create(
                   ^^^^^^^^^^^^^^^^^^^^^^^^^^^^^^^^^^^^^^^^^^^^^^^^^^^^^^^^^^^^^
  File "C:\Users\tiago\Documents\Granter Ai Internship\Implementation\KGs_for_Vertical_AI\.venv\Lib\site-packages\openai\_legacy_response.py", line 381, in wrapped
    return cast(LegacyAPIResponse[R], await func(*args, **kwargs))
                                      ^^^^^^^^^^^^^^^^^^^^^^^^^^^
  File "C:\Users\tiago\Documents\Granter Ai Internship\Implementation\KGs_for_Vertical_AI\.venv\Lib\site-packages\openai\resources\chat\completions\completions.py", line 2556, in create
    return await self._post(
           ^^^^^^^^^^^^^^^^^
  File "C:\Users\tiago\Documents\Granter Ai Internship\Implementation\KGs_for_Vertical_AI\.venv\Lib\site-packages\openai\_base_client.py", line 1794, in post
    return await self.request(cast_to, opts, stream=stream, stream_cls=stream_cls)
           ^^^^^^^^^^^^^^^^^^^^^^^^^^^^^^^^^^^^^^^^^^^^^^^^^^^^^^^^^^^^^^^^^^^^^^^
  File "C:\Users\tiago\Documents\Granter Ai Internship\Implementation\KGs_for_Vertical_AI\.venv\Lib\site-packages\openai\_base_client.py", line 1547, in request
    raise APITimeoutError(request=request) from err
openai.APITimeoutError: Request timed out.
2025-08-06 23:50:00.0265 - INFO - graphrag.logger.progress - extract graph progress: 7/51
2025-08-06 23:52:56.0038 - INFO - graphrag.logger.progress - extract graph progress: 8/51
2025-08-06 23:56:57.0296 - INFO - graphrag.logger.progress - extract graph progress: 9/51
2025-08-07 00:01:10.0334 - INFO - graphrag.logger.progress - extract graph progress: 10/51
2025-08-07 00:05:05.0679 - INFO - graphrag.logger.progress - extract graph progress: 11/51
2025-08-07 00:08:40.0411 - INFO - graphrag.logger.progress - extract graph progress: 12/51
2025-08-07 00:11:46.0855 - INFO - graphrag.logger.progress - extract graph progress: 13/51
2025-08-07 00:15:02.0414 - INFO - graphrag.logger.progress - extract graph progress: 14/51
2025-08-07 00:17:43.0010 - INFO - graphrag.logger.progress - extract graph progress: 15/51
2025-08-07 01:18:47.0378 - ERROR - graphrag.index.operations.extract_graph.graph_extractor - error extracting graph
Traceback (most recent call last):
  File "C:\Users\tiago\Documents\Granter Ai Internship\Implementation\KGs_for_Vertical_AI\.venv\Lib\site-packages\httpx\_transports\default.py", line 101, in map_httpcore_exceptions
    yield
  File "C:\Users\tiago\Documents\Granter Ai Internship\Implementation\KGs_for_Vertical_AI\.venv\Lib\site-packages\httpx\_transports\default.py", line 394, in handle_async_request
    resp = await self._pool.handle_async_request(req)
           ^^^^^^^^^^^^^^^^^^^^^^^^^^^^^^^^^^^^^^^^^^
  File "C:\Users\tiago\Documents\Granter Ai Internship\Implementation\KGs_for_Vertical_AI\.venv\Lib\site-packages\httpcore\_async\connection_pool.py", line 256, in handle_async_request
    raise exc from None
  File "C:\Users\tiago\Documents\Granter Ai Internship\Implementation\KGs_for_Vertical_AI\.venv\Lib\site-packages\httpcore\_async\connection_pool.py", line 236, in handle_async_request
    response = await connection.handle_async_request(
               ^^^^^^^^^^^^^^^^^^^^^^^^^^^^^^^^^^^^^^
  File "C:\Users\tiago\Documents\Granter Ai Internship\Implementation\KGs_for_Vertical_AI\.venv\Lib\site-packages\httpcore\_async\connection.py", line 103, in handle_async_request
    return await self._connection.handle_async_request(request)
           ^^^^^^^^^^^^^^^^^^^^^^^^^^^^^^^^^^^^^^^^^^^^^^^^^^^^
  File "C:\Users\tiago\Documents\Granter Ai Internship\Implementation\KGs_for_Vertical_AI\.venv\Lib\site-packages\httpcore\_async\http11.py", line 136, in handle_async_request
    raise exc
  File "C:\Users\tiago\Documents\Granter Ai Internship\Implementation\KGs_for_Vertical_AI\.venv\Lib\site-packages\httpcore\_async\http11.py", line 106, in handle_async_request
    ) = await self._receive_response_headers(**kwargs)
        ^^^^^^^^^^^^^^^^^^^^^^^^^^^^^^^^^^^^^^^^^^^^^^
  File "C:\Users\tiago\Documents\Granter Ai Internship\Implementation\KGs_for_Vertical_AI\.venv\Lib\site-packages\httpcore\_async\http11.py", line 177, in _receive_response_headers
    event = await self._receive_event(timeout=timeout)
            ^^^^^^^^^^^^^^^^^^^^^^^^^^^^^^^^^^^^^^^^^^
  File "C:\Users\tiago\Documents\Granter Ai Internship\Implementation\KGs_for_Vertical_AI\.venv\Lib\site-packages\httpcore\_async\http11.py", line 217, in _receive_event
    data = await self._network_stream.read(
           ^^^^^^^^^^^^^^^^^^^^^^^^^^^^^^^^
  File "C:\Users\tiago\Documents\Granter Ai Internship\Implementation\KGs_for_Vertical_AI\.venv\Lib\site-packages\httpcore\_backends\anyio.py", line 32, in read
    with map_exceptions(exc_map):
         ^^^^^^^^^^^^^^^^^^^^^^^
  File "C:\Users\tiago\AppData\Local\Programs\Python\Python312\Lib\contextlib.py", line 158, in __exit__
    self.gen.throw(value)
  File "C:\Users\tiago\Documents\Granter Ai Internship\Implementation\KGs_for_Vertical_AI\.venv\Lib\site-packages\httpcore\_exceptions.py", line 14, in map_exceptions
    raise to_exc(exc) from exc
httpcore.ReadTimeout

The above exception was the direct cause of the following exception:

Traceback (most recent call last):
  File "C:\Users\tiago\Documents\Granter Ai Internship\Implementation\KGs_for_Vertical_AI\.venv\Lib\site-packages\openai\_base_client.py", line 1529, in request
    response = await self._client.send(
               ^^^^^^^^^^^^^^^^^^^^^^^^
  File "C:\Users\tiago\Documents\Granter Ai Internship\Implementation\KGs_for_Vertical_AI\.venv\Lib\site-packages\httpx\_client.py", line 1629, in send
    response = await self._send_handling_auth(
               ^^^^^^^^^^^^^^^^^^^^^^^^^^^^^^^
  File "C:\Users\tiago\Documents\Granter Ai Internship\Implementation\KGs_for_Vertical_AI\.venv\Lib\site-packages\httpx\_client.py", line 1657, in _send_handling_auth
    response = await self._send_handling_redirects(
               ^^^^^^^^^^^^^^^^^^^^^^^^^^^^^^^^^^^^
  File "C:\Users\tiago\Documents\Granter Ai Internship\Implementation\KGs_for_Vertical_AI\.venv\Lib\site-packages\httpx\_client.py", line 1694, in _send_handling_redirects
    response = await self._send_single_request(request)
               ^^^^^^^^^^^^^^^^^^^^^^^^^^^^^^^^^^^^^^^^
  File "C:\Users\tiago\Documents\Granter Ai Internship\Implementation\KGs_for_Vertical_AI\.venv\Lib\site-packages\httpx\_client.py", line 1730, in _send_single_request
    response = await transport.handle_async_request(request)
               ^^^^^^^^^^^^^^^^^^^^^^^^^^^^^^^^^^^^^^^^^^^^^
  File "C:\Users\tiago\Documents\Granter Ai Internship\Implementation\KGs_for_Vertical_AI\.venv\Lib\site-packages\httpx\_transports\default.py", line 393, in handle_async_request
    with map_httpcore_exceptions():
         ^^^^^^^^^^^^^^^^^^^^^^^^^
  File "C:\Users\tiago\AppData\Local\Programs\Python\Python312\Lib\contextlib.py", line 158, in __exit__
    self.gen.throw(value)
  File "C:\Users\tiago\Documents\Granter Ai Internship\Implementation\KGs_for_Vertical_AI\.venv\Lib\site-packages\httpx\_transports\default.py", line 118, in map_httpcore_exceptions
    raise mapped_exc(message) from exc
httpx.ReadTimeout

The above exception was the direct cause of the following exception:

Traceback (most recent call last):
  File "C:\Users\tiago\Documents\Granter Ai Internship\Implementation\KGs_for_Vertical_AI\.venv\Lib\site-packages\graphrag\index\operations\extract_graph\graph_extractor.py", line 118, in __call__
    result = await self._process_document(text, prompt_variables)
             ^^^^^^^^^^^^^^^^^^^^^^^^^^^^^^^^^^^^^^^^^^^^^^^^^^^^
  File "C:\Users\tiago\Documents\Granter Ai Internship\Implementation\KGs_for_Vertical_AI\.venv\Lib\site-packages\graphrag\index\operations\extract_graph\graph_extractor.py", line 146, in _process_document
    response = await self._model.achat(
               ^^^^^^^^^^^^^^^^^^^^^^^^
  File "C:\Users\tiago\Documents\Granter Ai Internship\Implementation\KGs_for_Vertical_AI\.venv\Lib\site-packages\graphrag\language_model\providers\fnllm\models.py", line 82, in achat
    response = await self.model(prompt, **kwargs)
               ^^^^^^^^^^^^^^^^^^^^^^^^^^^^^^^^^^
  File "C:\Users\tiago\Documents\Granter Ai Internship\Implementation\KGs_for_Vertical_AI\.venv\Lib\site-packages\fnllm\openai\llm\openai_chat_llm.py", line 94, in __call__
    return await self._text_chat_llm(prompt, **kwargs)
           ^^^^^^^^^^^^^^^^^^^^^^^^^^^^^^^^^^^^^^^^^^^
  File "C:\Users\tiago\Documents\Granter Ai Internship\Implementation\KGs_for_Vertical_AI\.venv\Lib\site-packages\fnllm\openai\services\openai_tools_parsing.py", line 130, in __call__
    return await self._delegate(prompt, **kwargs)
           ^^^^^^^^^^^^^^^^^^^^^^^^^^^^^^^^^^^^^^
  File "C:\Users\tiago\Documents\Granter Ai Internship\Implementation\KGs_for_Vertical_AI\.venv\Lib\site-packages\fnllm\base\base_llm.py", line 144, in __call__
    return await self._decorated_target(prompt, **kwargs)
           ^^^^^^^^^^^^^^^^^^^^^^^^^^^^^^^^^^^^^^^^^^^^^^
  File "C:\Users\tiago\Documents\Granter Ai Internship\Implementation\KGs_for_Vertical_AI\.venv\Lib\site-packages\fnllm\base\services\json.py", line 78, in invoke
    return await delegate(prompt, **kwargs)
           ^^^^^^^^^^^^^^^^^^^^^^^^^^^^^^^^
  File "C:\Users\tiago\Documents\Granter Ai Internship\Implementation\KGs_for_Vertical_AI\.venv\Lib\site-packages\fnllm\base\services\cached.py", line 137, in invoke
    result = await delegate(prompt, **kwargs)
             ^^^^^^^^^^^^^^^^^^^^^^^^^^^^^^^^
  File "C:\Users\tiago\Documents\Granter Ai Internship\Implementation\KGs_for_Vertical_AI\.venv\Lib\site-packages\fnllm\base\services\rate_limiter.py", line 75, in invoke
    result = await delegate(prompt, **args)
             ^^^^^^^^^^^^^^^^^^^^^^^^^^^^^^
  File "C:\Users\tiago\Documents\Granter Ai Internship\Implementation\KGs_for_Vertical_AI\.venv\Lib\site-packages\fnllm\base\base_llm.py", line 126, in _decorator_target
    output = await self._execute_llm(prompt, kwargs)
             ^^^^^^^^^^^^^^^^^^^^^^^^^^^^^^^^^^^^^^^
  File "C:\Users\tiago\Documents\Granter Ai Internship\Implementation\KGs_for_Vertical_AI\.venv\Lib\site-packages\fnllm\openai\llm\openai_text_chat_llm.py", line 173, in _execute_llm
    raw_response = await self._client.chat.completions.with_raw_response.create(
                   ^^^^^^^^^^^^^^^^^^^^^^^^^^^^^^^^^^^^^^^^^^^^^^^^^^^^^^^^^^^^^
  File "C:\Users\tiago\Documents\Granter Ai Internship\Implementation\KGs_for_Vertical_AI\.venv\Lib\site-packages\openai\_legacy_response.py", line 381, in wrapped
    return cast(LegacyAPIResponse[R], await func(*args, **kwargs))
                                      ^^^^^^^^^^^^^^^^^^^^^^^^^^^
  File "C:\Users\tiago\Documents\Granter Ai Internship\Implementation\KGs_for_Vertical_AI\.venv\Lib\site-packages\openai\resources\chat\completions\completions.py", line 2556, in create
    return await self._post(
           ^^^^^^^^^^^^^^^^^
  File "C:\Users\tiago\Documents\Granter Ai Internship\Implementation\KGs_for_Vertical_AI\.venv\Lib\site-packages\openai\_base_client.py", line 1794, in post
    return await self.request(cast_to, opts, stream=stream, stream_cls=stream_cls)
           ^^^^^^^^^^^^^^^^^^^^^^^^^^^^^^^^^^^^^^^^^^^^^^^^^^^^^^^^^^^^^^^^^^^^^^^
  File "C:\Users\tiago\Documents\Granter Ai Internship\Implementation\KGs_for_Vertical_AI\.venv\Lib\site-packages\openai\_base_client.py", line 1547, in request
    raise APITimeoutError(request=request) from err
openai.APITimeoutError: Request timed out.
2025-08-07 01:18:47.0395 - ERROR - graphrag.index.operations.extract_graph.graph_intelligence_strategy - Entity Extraction Error
Traceback (most recent call last):
  File "C:\Users\tiago\Documents\Granter Ai Internship\Implementation\KGs_for_Vertical_AI\.venv\Lib\site-packages\httpx\_transports\default.py", line 101, in map_httpcore_exceptions
    yield
  File "C:\Users\tiago\Documents\Granter Ai Internship\Implementation\KGs_for_Vertical_AI\.venv\Lib\site-packages\httpx\_transports\default.py", line 394, in handle_async_request
    resp = await self._pool.handle_async_request(req)
           ^^^^^^^^^^^^^^^^^^^^^^^^^^^^^^^^^^^^^^^^^^
  File "C:\Users\tiago\Documents\Granter Ai Internship\Implementation\KGs_for_Vertical_AI\.venv\Lib\site-packages\httpcore\_async\connection_pool.py", line 256, in handle_async_request
    raise exc from None
  File "C:\Users\tiago\Documents\Granter Ai Internship\Implementation\KGs_for_Vertical_AI\.venv\Lib\site-packages\httpcore\_async\connection_pool.py", line 236, in handle_async_request
    response = await connection.handle_async_request(
               ^^^^^^^^^^^^^^^^^^^^^^^^^^^^^^^^^^^^^^
  File "C:\Users\tiago\Documents\Granter Ai Internship\Implementation\KGs_for_Vertical_AI\.venv\Lib\site-packages\httpcore\_async\connection.py", line 103, in handle_async_request
    return await self._connection.handle_async_request(request)
           ^^^^^^^^^^^^^^^^^^^^^^^^^^^^^^^^^^^^^^^^^^^^^^^^^^^^
  File "C:\Users\tiago\Documents\Granter Ai Internship\Implementation\KGs_for_Vertical_AI\.venv\Lib\site-packages\httpcore\_async\http11.py", line 136, in handle_async_request
    raise exc
  File "C:\Users\tiago\Documents\Granter Ai Internship\Implementation\KGs_for_Vertical_AI\.venv\Lib\site-packages\httpcore\_async\http11.py", line 106, in handle_async_request
    ) = await self._receive_response_headers(**kwargs)
        ^^^^^^^^^^^^^^^^^^^^^^^^^^^^^^^^^^^^^^^^^^^^^^
  File "C:\Users\tiago\Documents\Granter Ai Internship\Implementation\KGs_for_Vertical_AI\.venv\Lib\site-packages\httpcore\_async\http11.py", line 177, in _receive_response_headers
    event = await self._receive_event(timeout=timeout)
            ^^^^^^^^^^^^^^^^^^^^^^^^^^^^^^^^^^^^^^^^^^
  File "C:\Users\tiago\Documents\Granter Ai Internship\Implementation\KGs_for_Vertical_AI\.venv\Lib\site-packages\httpcore\_async\http11.py", line 217, in _receive_event
    data = await self._network_stream.read(
           ^^^^^^^^^^^^^^^^^^^^^^^^^^^^^^^^
  File "C:\Users\tiago\Documents\Granter Ai Internship\Implementation\KGs_for_Vertical_AI\.venv\Lib\site-packages\httpcore\_backends\anyio.py", line 32, in read
    with map_exceptions(exc_map):
         ^^^^^^^^^^^^^^^^^^^^^^^
  File "C:\Users\tiago\AppData\Local\Programs\Python\Python312\Lib\contextlib.py", line 158, in __exit__
    self.gen.throw(value)
  File "C:\Users\tiago\Documents\Granter Ai Internship\Implementation\KGs_for_Vertical_AI\.venv\Lib\site-packages\httpcore\_exceptions.py", line 14, in map_exceptions
    raise to_exc(exc) from exc
httpcore.ReadTimeout

The above exception was the direct cause of the following exception:

Traceback (most recent call last):
  File "C:\Users\tiago\Documents\Granter Ai Internship\Implementation\KGs_for_Vertical_AI\.venv\Lib\site-packages\openai\_base_client.py", line 1529, in request
    response = await self._client.send(
               ^^^^^^^^^^^^^^^^^^^^^^^^
  File "C:\Users\tiago\Documents\Granter Ai Internship\Implementation\KGs_for_Vertical_AI\.venv\Lib\site-packages\httpx\_client.py", line 1629, in send
    response = await self._send_handling_auth(
               ^^^^^^^^^^^^^^^^^^^^^^^^^^^^^^^
  File "C:\Users\tiago\Documents\Granter Ai Internship\Implementation\KGs_for_Vertical_AI\.venv\Lib\site-packages\httpx\_client.py", line 1657, in _send_handling_auth
    response = await self._send_handling_redirects(
               ^^^^^^^^^^^^^^^^^^^^^^^^^^^^^^^^^^^^
  File "C:\Users\tiago\Documents\Granter Ai Internship\Implementation\KGs_for_Vertical_AI\.venv\Lib\site-packages\httpx\_client.py", line 1694, in _send_handling_redirects
    response = await self._send_single_request(request)
               ^^^^^^^^^^^^^^^^^^^^^^^^^^^^^^^^^^^^^^^^
  File "C:\Users\tiago\Documents\Granter Ai Internship\Implementation\KGs_for_Vertical_AI\.venv\Lib\site-packages\httpx\_client.py", line 1730, in _send_single_request
    response = await transport.handle_async_request(request)
               ^^^^^^^^^^^^^^^^^^^^^^^^^^^^^^^^^^^^^^^^^^^^^
  File "C:\Users\tiago\Documents\Granter Ai Internship\Implementation\KGs_for_Vertical_AI\.venv\Lib\site-packages\httpx\_transports\default.py", line 393, in handle_async_request
    with map_httpcore_exceptions():
         ^^^^^^^^^^^^^^^^^^^^^^^^^
  File "C:\Users\tiago\AppData\Local\Programs\Python\Python312\Lib\contextlib.py", line 158, in __exit__
    self.gen.throw(value)
  File "C:\Users\tiago\Documents\Granter Ai Internship\Implementation\KGs_for_Vertical_AI\.venv\Lib\site-packages\httpx\_transports\default.py", line 118, in map_httpcore_exceptions
    raise mapped_exc(message) from exc
httpx.ReadTimeout

The above exception was the direct cause of the following exception:

Traceback (most recent call last):
  File "C:\Users\tiago\Documents\Granter Ai Internship\Implementation\KGs_for_Vertical_AI\.venv\Lib\site-packages\graphrag\index\operations\extract_graph\graph_extractor.py", line 118, in __call__
    result = await self._process_document(text, prompt_variables)
             ^^^^^^^^^^^^^^^^^^^^^^^^^^^^^^^^^^^^^^^^^^^^^^^^^^^^
  File "C:\Users\tiago\Documents\Granter Ai Internship\Implementation\KGs_for_Vertical_AI\.venv\Lib\site-packages\graphrag\index\operations\extract_graph\graph_extractor.py", line 146, in _process_document
    response = await self._model.achat(
               ^^^^^^^^^^^^^^^^^^^^^^^^
  File "C:\Users\tiago\Documents\Granter Ai Internship\Implementation\KGs_for_Vertical_AI\.venv\Lib\site-packages\graphrag\language_model\providers\fnllm\models.py", line 82, in achat
    response = await self.model(prompt, **kwargs)
               ^^^^^^^^^^^^^^^^^^^^^^^^^^^^^^^^^^
  File "C:\Users\tiago\Documents\Granter Ai Internship\Implementation\KGs_for_Vertical_AI\.venv\Lib\site-packages\fnllm\openai\llm\openai_chat_llm.py", line 94, in __call__
    return await self._text_chat_llm(prompt, **kwargs)
           ^^^^^^^^^^^^^^^^^^^^^^^^^^^^^^^^^^^^^^^^^^^
  File "C:\Users\tiago\Documents\Granter Ai Internship\Implementation\KGs_for_Vertical_AI\.venv\Lib\site-packages\fnllm\openai\services\openai_tools_parsing.py", line 130, in __call__
    return await self._delegate(prompt, **kwargs)
           ^^^^^^^^^^^^^^^^^^^^^^^^^^^^^^^^^^^^^^
  File "C:\Users\tiago\Documents\Granter Ai Internship\Implementation\KGs_for_Vertical_AI\.venv\Lib\site-packages\fnllm\base\base_llm.py", line 144, in __call__
    return await self._decorated_target(prompt, **kwargs)
           ^^^^^^^^^^^^^^^^^^^^^^^^^^^^^^^^^^^^^^^^^^^^^^
  File "C:\Users\tiago\Documents\Granter Ai Internship\Implementation\KGs_for_Vertical_AI\.venv\Lib\site-packages\fnllm\base\services\json.py", line 78, in invoke
    return await delegate(prompt, **kwargs)
           ^^^^^^^^^^^^^^^^^^^^^^^^^^^^^^^^
  File "C:\Users\tiago\Documents\Granter Ai Internship\Implementation\KGs_for_Vertical_AI\.venv\Lib\site-packages\fnllm\base\services\cached.py", line 137, in invoke
    result = await delegate(prompt, **kwargs)
             ^^^^^^^^^^^^^^^^^^^^^^^^^^^^^^^^
  File "C:\Users\tiago\Documents\Granter Ai Internship\Implementation\KGs_for_Vertical_AI\.venv\Lib\site-packages\fnllm\base\services\rate_limiter.py", line 75, in invoke
    result = await delegate(prompt, **args)
             ^^^^^^^^^^^^^^^^^^^^^^^^^^^^^^
  File "C:\Users\tiago\Documents\Granter Ai Internship\Implementation\KGs_for_Vertical_AI\.venv\Lib\site-packages\fnllm\base\base_llm.py", line 126, in _decorator_target
    output = await self._execute_llm(prompt, kwargs)
             ^^^^^^^^^^^^^^^^^^^^^^^^^^^^^^^^^^^^^^^
  File "C:\Users\tiago\Documents\Granter Ai Internship\Implementation\KGs_for_Vertical_AI\.venv\Lib\site-packages\fnllm\openai\llm\openai_text_chat_llm.py", line 173, in _execute_llm
    raw_response = await self._client.chat.completions.with_raw_response.create(
                   ^^^^^^^^^^^^^^^^^^^^^^^^^^^^^^^^^^^^^^^^^^^^^^^^^^^^^^^^^^^^^
  File "C:\Users\tiago\Documents\Granter Ai Internship\Implementation\KGs_for_Vertical_AI\.venv\Lib\site-packages\openai\_legacy_response.py", line 381, in wrapped
    return cast(LegacyAPIResponse[R], await func(*args, **kwargs))
                                      ^^^^^^^^^^^^^^^^^^^^^^^^^^^
  File "C:\Users\tiago\Documents\Granter Ai Internship\Implementation\KGs_for_Vertical_AI\.venv\Lib\site-packages\openai\resources\chat\completions\completions.py", line 2556, in create
    return await self._post(
           ^^^^^^^^^^^^^^^^^
  File "C:\Users\tiago\Documents\Granter Ai Internship\Implementation\KGs_for_Vertical_AI\.venv\Lib\site-packages\openai\_base_client.py", line 1794, in post
    return await self.request(cast_to, opts, stream=stream, stream_cls=stream_cls)
           ^^^^^^^^^^^^^^^^^^^^^^^^^^^^^^^^^^^^^^^^^^^^^^^^^^^^^^^^^^^^^^^^^^^^^^^
  File "C:\Users\tiago\Documents\Granter Ai Internship\Implementation\KGs_for_Vertical_AI\.venv\Lib\site-packages\openai\_base_client.py", line 1547, in request
    raise APITimeoutError(request=request) from err
openai.APITimeoutError: Request timed out.
2025-08-07 01:18:47.0406 - INFO - graphrag.logger.progress - extract graph progress: 16/51
2025-08-07 01:22:32.0649 - INFO - graphrag.logger.progress - extract graph progress: 17/51
2025-08-07 01:28:18.0079 - INFO - graphrag.logger.progress - extract graph progress: 18/51
2025-08-07 01:32:13.0200 - INFO - graphrag.logger.progress - extract graph progress: 19/51
2025-08-07 02:33:17.0515 - ERROR - graphrag.index.operations.extract_graph.graph_extractor - error extracting graph
Traceback (most recent call last):
  File "C:\Users\tiago\Documents\Granter Ai Internship\Implementation\KGs_for_Vertical_AI\.venv\Lib\site-packages\httpx\_transports\default.py", line 101, in map_httpcore_exceptions
    yield
  File "C:\Users\tiago\Documents\Granter Ai Internship\Implementation\KGs_for_Vertical_AI\.venv\Lib\site-packages\httpx\_transports\default.py", line 394, in handle_async_request
    resp = await self._pool.handle_async_request(req)
           ^^^^^^^^^^^^^^^^^^^^^^^^^^^^^^^^^^^^^^^^^^
  File "C:\Users\tiago\Documents\Granter Ai Internship\Implementation\KGs_for_Vertical_AI\.venv\Lib\site-packages\httpcore\_async\connection_pool.py", line 256, in handle_async_request
    raise exc from None
  File "C:\Users\tiago\Documents\Granter Ai Internship\Implementation\KGs_for_Vertical_AI\.venv\Lib\site-packages\httpcore\_async\connection_pool.py", line 236, in handle_async_request
    response = await connection.handle_async_request(
               ^^^^^^^^^^^^^^^^^^^^^^^^^^^^^^^^^^^^^^
  File "C:\Users\tiago\Documents\Granter Ai Internship\Implementation\KGs_for_Vertical_AI\.venv\Lib\site-packages\httpcore\_async\connection.py", line 103, in handle_async_request
    return await self._connection.handle_async_request(request)
           ^^^^^^^^^^^^^^^^^^^^^^^^^^^^^^^^^^^^^^^^^^^^^^^^^^^^
  File "C:\Users\tiago\Documents\Granter Ai Internship\Implementation\KGs_for_Vertical_AI\.venv\Lib\site-packages\httpcore\_async\http11.py", line 136, in handle_async_request
    raise exc
  File "C:\Users\tiago\Documents\Granter Ai Internship\Implementation\KGs_for_Vertical_AI\.venv\Lib\site-packages\httpcore\_async\http11.py", line 106, in handle_async_request
    ) = await self._receive_response_headers(**kwargs)
        ^^^^^^^^^^^^^^^^^^^^^^^^^^^^^^^^^^^^^^^^^^^^^^
  File "C:\Users\tiago\Documents\Granter Ai Internship\Implementation\KGs_for_Vertical_AI\.venv\Lib\site-packages\httpcore\_async\http11.py", line 177, in _receive_response_headers
    event = await self._receive_event(timeout=timeout)
            ^^^^^^^^^^^^^^^^^^^^^^^^^^^^^^^^^^^^^^^^^^
  File "C:\Users\tiago\Documents\Granter Ai Internship\Implementation\KGs_for_Vertical_AI\.venv\Lib\site-packages\httpcore\_async\http11.py", line 217, in _receive_event
    data = await self._network_stream.read(
           ^^^^^^^^^^^^^^^^^^^^^^^^^^^^^^^^
  File "C:\Users\tiago\Documents\Granter Ai Internship\Implementation\KGs_for_Vertical_AI\.venv\Lib\site-packages\httpcore\_backends\anyio.py", line 32, in read
    with map_exceptions(exc_map):
         ^^^^^^^^^^^^^^^^^^^^^^^
  File "C:\Users\tiago\AppData\Local\Programs\Python\Python312\Lib\contextlib.py", line 158, in __exit__
    self.gen.throw(value)
  File "C:\Users\tiago\Documents\Granter Ai Internship\Implementation\KGs_for_Vertical_AI\.venv\Lib\site-packages\httpcore\_exceptions.py", line 14, in map_exceptions
    raise to_exc(exc) from exc
httpcore.ReadTimeout

The above exception was the direct cause of the following exception:

Traceback (most recent call last):
  File "C:\Users\tiago\Documents\Granter Ai Internship\Implementation\KGs_for_Vertical_AI\.venv\Lib\site-packages\openai\_base_client.py", line 1529, in request
    response = await self._client.send(
               ^^^^^^^^^^^^^^^^^^^^^^^^
  File "C:\Users\tiago\Documents\Granter Ai Internship\Implementation\KGs_for_Vertical_AI\.venv\Lib\site-packages\httpx\_client.py", line 1629, in send
    response = await self._send_handling_auth(
               ^^^^^^^^^^^^^^^^^^^^^^^^^^^^^^^
  File "C:\Users\tiago\Documents\Granter Ai Internship\Implementation\KGs_for_Vertical_AI\.venv\Lib\site-packages\httpx\_client.py", line 1657, in _send_handling_auth
    response = await self._send_handling_redirects(
               ^^^^^^^^^^^^^^^^^^^^^^^^^^^^^^^^^^^^
  File "C:\Users\tiago\Documents\Granter Ai Internship\Implementation\KGs_for_Vertical_AI\.venv\Lib\site-packages\httpx\_client.py", line 1694, in _send_handling_redirects
    response = await self._send_single_request(request)
               ^^^^^^^^^^^^^^^^^^^^^^^^^^^^^^^^^^^^^^^^
  File "C:\Users\tiago\Documents\Granter Ai Internship\Implementation\KGs_for_Vertical_AI\.venv\Lib\site-packages\httpx\_client.py", line 1730, in _send_single_request
    response = await transport.handle_async_request(request)
               ^^^^^^^^^^^^^^^^^^^^^^^^^^^^^^^^^^^^^^^^^^^^^
  File "C:\Users\tiago\Documents\Granter Ai Internship\Implementation\KGs_for_Vertical_AI\.venv\Lib\site-packages\httpx\_transports\default.py", line 393, in handle_async_request
    with map_httpcore_exceptions():
         ^^^^^^^^^^^^^^^^^^^^^^^^^
  File "C:\Users\tiago\AppData\Local\Programs\Python\Python312\Lib\contextlib.py", line 158, in __exit__
    self.gen.throw(value)
  File "C:\Users\tiago\Documents\Granter Ai Internship\Implementation\KGs_for_Vertical_AI\.venv\Lib\site-packages\httpx\_transports\default.py", line 118, in map_httpcore_exceptions
    raise mapped_exc(message) from exc
httpx.ReadTimeout

The above exception was the direct cause of the following exception:

Traceback (most recent call last):
  File "C:\Users\tiago\Documents\Granter Ai Internship\Implementation\KGs_for_Vertical_AI\.venv\Lib\site-packages\graphrag\index\operations\extract_graph\graph_extractor.py", line 118, in __call__
    result = await self._process_document(text, prompt_variables)
             ^^^^^^^^^^^^^^^^^^^^^^^^^^^^^^^^^^^^^^^^^^^^^^^^^^^^
  File "C:\Users\tiago\Documents\Granter Ai Internship\Implementation\KGs_for_Vertical_AI\.venv\Lib\site-packages\graphrag\index\operations\extract_graph\graph_extractor.py", line 146, in _process_document
    response = await self._model.achat(
               ^^^^^^^^^^^^^^^^^^^^^^^^
  File "C:\Users\tiago\Documents\Granter Ai Internship\Implementation\KGs_for_Vertical_AI\.venv\Lib\site-packages\graphrag\language_model\providers\fnllm\models.py", line 82, in achat
    response = await self.model(prompt, **kwargs)
               ^^^^^^^^^^^^^^^^^^^^^^^^^^^^^^^^^^
  File "C:\Users\tiago\Documents\Granter Ai Internship\Implementation\KGs_for_Vertical_AI\.venv\Lib\site-packages\fnllm\openai\llm\openai_chat_llm.py", line 94, in __call__
    return await self._text_chat_llm(prompt, **kwargs)
           ^^^^^^^^^^^^^^^^^^^^^^^^^^^^^^^^^^^^^^^^^^^
  File "C:\Users\tiago\Documents\Granter Ai Internship\Implementation\KGs_for_Vertical_AI\.venv\Lib\site-packages\fnllm\openai\services\openai_tools_parsing.py", line 130, in __call__
    return await self._delegate(prompt, **kwargs)
           ^^^^^^^^^^^^^^^^^^^^^^^^^^^^^^^^^^^^^^
  File "C:\Users\tiago\Documents\Granter Ai Internship\Implementation\KGs_for_Vertical_AI\.venv\Lib\site-packages\fnllm\base\base_llm.py", line 144, in __call__
    return await self._decorated_target(prompt, **kwargs)
           ^^^^^^^^^^^^^^^^^^^^^^^^^^^^^^^^^^^^^^^^^^^^^^
  File "C:\Users\tiago\Documents\Granter Ai Internship\Implementation\KGs_for_Vertical_AI\.venv\Lib\site-packages\fnllm\base\services\json.py", line 78, in invoke
    return await delegate(prompt, **kwargs)
           ^^^^^^^^^^^^^^^^^^^^^^^^^^^^^^^^
  File "C:\Users\tiago\Documents\Granter Ai Internship\Implementation\KGs_for_Vertical_AI\.venv\Lib\site-packages\fnllm\base\services\cached.py", line 137, in invoke
    result = await delegate(prompt, **kwargs)
             ^^^^^^^^^^^^^^^^^^^^^^^^^^^^^^^^
  File "C:\Users\tiago\Documents\Granter Ai Internship\Implementation\KGs_for_Vertical_AI\.venv\Lib\site-packages\fnllm\base\services\rate_limiter.py", line 75, in invoke
    result = await delegate(prompt, **args)
             ^^^^^^^^^^^^^^^^^^^^^^^^^^^^^^
  File "C:\Users\tiago\Documents\Granter Ai Internship\Implementation\KGs_for_Vertical_AI\.venv\Lib\site-packages\fnllm\base\base_llm.py", line 126, in _decorator_target
    output = await self._execute_llm(prompt, kwargs)
             ^^^^^^^^^^^^^^^^^^^^^^^^^^^^^^^^^^^^^^^
  File "C:\Users\tiago\Documents\Granter Ai Internship\Implementation\KGs_for_Vertical_AI\.venv\Lib\site-packages\fnllm\openai\llm\openai_text_chat_llm.py", line 173, in _execute_llm
    raw_response = await self._client.chat.completions.with_raw_response.create(
                   ^^^^^^^^^^^^^^^^^^^^^^^^^^^^^^^^^^^^^^^^^^^^^^^^^^^^^^^^^^^^^
  File "C:\Users\tiago\Documents\Granter Ai Internship\Implementation\KGs_for_Vertical_AI\.venv\Lib\site-packages\openai\_legacy_response.py", line 381, in wrapped
    return cast(LegacyAPIResponse[R], await func(*args, **kwargs))
                                      ^^^^^^^^^^^^^^^^^^^^^^^^^^^
  File "C:\Users\tiago\Documents\Granter Ai Internship\Implementation\KGs_for_Vertical_AI\.venv\Lib\site-packages\openai\resources\chat\completions\completions.py", line 2556, in create
    return await self._post(
           ^^^^^^^^^^^^^^^^^
  File "C:\Users\tiago\Documents\Granter Ai Internship\Implementation\KGs_for_Vertical_AI\.venv\Lib\site-packages\openai\_base_client.py", line 1794, in post
    return await self.request(cast_to, opts, stream=stream, stream_cls=stream_cls)
           ^^^^^^^^^^^^^^^^^^^^^^^^^^^^^^^^^^^^^^^^^^^^^^^^^^^^^^^^^^^^^^^^^^^^^^^
  File "C:\Users\tiago\Documents\Granter Ai Internship\Implementation\KGs_for_Vertical_AI\.venv\Lib\site-packages\openai\_base_client.py", line 1547, in request
    raise APITimeoutError(request=request) from err
openai.APITimeoutError: Request timed out.
2025-08-07 02:33:17.0532 - ERROR - graphrag.index.operations.extract_graph.graph_intelligence_strategy - Entity Extraction Error
Traceback (most recent call last):
  File "C:\Users\tiago\Documents\Granter Ai Internship\Implementation\KGs_for_Vertical_AI\.venv\Lib\site-packages\httpx\_transports\default.py", line 101, in map_httpcore_exceptions
    yield
  File "C:\Users\tiago\Documents\Granter Ai Internship\Implementation\KGs_for_Vertical_AI\.venv\Lib\site-packages\httpx\_transports\default.py", line 394, in handle_async_request
    resp = await self._pool.handle_async_request(req)
           ^^^^^^^^^^^^^^^^^^^^^^^^^^^^^^^^^^^^^^^^^^
  File "C:\Users\tiago\Documents\Granter Ai Internship\Implementation\KGs_for_Vertical_AI\.venv\Lib\site-packages\httpcore\_async\connection_pool.py", line 256, in handle_async_request
    raise exc from None
  File "C:\Users\tiago\Documents\Granter Ai Internship\Implementation\KGs_for_Vertical_AI\.venv\Lib\site-packages\httpcore\_async\connection_pool.py", line 236, in handle_async_request
    response = await connection.handle_async_request(
               ^^^^^^^^^^^^^^^^^^^^^^^^^^^^^^^^^^^^^^
  File "C:\Users\tiago\Documents\Granter Ai Internship\Implementation\KGs_for_Vertical_AI\.venv\Lib\site-packages\httpcore\_async\connection.py", line 103, in handle_async_request
    return await self._connection.handle_async_request(request)
           ^^^^^^^^^^^^^^^^^^^^^^^^^^^^^^^^^^^^^^^^^^^^^^^^^^^^
  File "C:\Users\tiago\Documents\Granter Ai Internship\Implementation\KGs_for_Vertical_AI\.venv\Lib\site-packages\httpcore\_async\http11.py", line 136, in handle_async_request
    raise exc
  File "C:\Users\tiago\Documents\Granter Ai Internship\Implementation\KGs_for_Vertical_AI\.venv\Lib\site-packages\httpcore\_async\http11.py", line 106, in handle_async_request
    ) = await self._receive_response_headers(**kwargs)
        ^^^^^^^^^^^^^^^^^^^^^^^^^^^^^^^^^^^^^^^^^^^^^^
  File "C:\Users\tiago\Documents\Granter Ai Internship\Implementation\KGs_for_Vertical_AI\.venv\Lib\site-packages\httpcore\_async\http11.py", line 177, in _receive_response_headers
    event = await self._receive_event(timeout=timeout)
            ^^^^^^^^^^^^^^^^^^^^^^^^^^^^^^^^^^^^^^^^^^
  File "C:\Users\tiago\Documents\Granter Ai Internship\Implementation\KGs_for_Vertical_AI\.venv\Lib\site-packages\httpcore\_async\http11.py", line 217, in _receive_event
    data = await self._network_stream.read(
           ^^^^^^^^^^^^^^^^^^^^^^^^^^^^^^^^
  File "C:\Users\tiago\Documents\Granter Ai Internship\Implementation\KGs_for_Vertical_AI\.venv\Lib\site-packages\httpcore\_backends\anyio.py", line 32, in read
    with map_exceptions(exc_map):
         ^^^^^^^^^^^^^^^^^^^^^^^
  File "C:\Users\tiago\AppData\Local\Programs\Python\Python312\Lib\contextlib.py", line 158, in __exit__
    self.gen.throw(value)
  File "C:\Users\tiago\Documents\Granter Ai Internship\Implementation\KGs_for_Vertical_AI\.venv\Lib\site-packages\httpcore\_exceptions.py", line 14, in map_exceptions
    raise to_exc(exc) from exc
httpcore.ReadTimeout

The above exception was the direct cause of the following exception:

Traceback (most recent call last):
  File "C:\Users\tiago\Documents\Granter Ai Internship\Implementation\KGs_for_Vertical_AI\.venv\Lib\site-packages\openai\_base_client.py", line 1529, in request
    response = await self._client.send(
               ^^^^^^^^^^^^^^^^^^^^^^^^
  File "C:\Users\tiago\Documents\Granter Ai Internship\Implementation\KGs_for_Vertical_AI\.venv\Lib\site-packages\httpx\_client.py", line 1629, in send
    response = await self._send_handling_auth(
               ^^^^^^^^^^^^^^^^^^^^^^^^^^^^^^^
  File "C:\Users\tiago\Documents\Granter Ai Internship\Implementation\KGs_for_Vertical_AI\.venv\Lib\site-packages\httpx\_client.py", line 1657, in _send_handling_auth
    response = await self._send_handling_redirects(
               ^^^^^^^^^^^^^^^^^^^^^^^^^^^^^^^^^^^^
  File "C:\Users\tiago\Documents\Granter Ai Internship\Implementation\KGs_for_Vertical_AI\.venv\Lib\site-packages\httpx\_client.py", line 1694, in _send_handling_redirects
    response = await self._send_single_request(request)
               ^^^^^^^^^^^^^^^^^^^^^^^^^^^^^^^^^^^^^^^^
  File "C:\Users\tiago\Documents\Granter Ai Internship\Implementation\KGs_for_Vertical_AI\.venv\Lib\site-packages\httpx\_client.py", line 1730, in _send_single_request
    response = await transport.handle_async_request(request)
               ^^^^^^^^^^^^^^^^^^^^^^^^^^^^^^^^^^^^^^^^^^^^^
  File "C:\Users\tiago\Documents\Granter Ai Internship\Implementation\KGs_for_Vertical_AI\.venv\Lib\site-packages\httpx\_transports\default.py", line 393, in handle_async_request
    with map_httpcore_exceptions():
         ^^^^^^^^^^^^^^^^^^^^^^^^^
  File "C:\Users\tiago\AppData\Local\Programs\Python\Python312\Lib\contextlib.py", line 158, in __exit__
    self.gen.throw(value)
  File "C:\Users\tiago\Documents\Granter Ai Internship\Implementation\KGs_for_Vertical_AI\.venv\Lib\site-packages\httpx\_transports\default.py", line 118, in map_httpcore_exceptions
    raise mapped_exc(message) from exc
httpx.ReadTimeout

The above exception was the direct cause of the following exception:

Traceback (most recent call last):
  File "C:\Users\tiago\Documents\Granter Ai Internship\Implementation\KGs_for_Vertical_AI\.venv\Lib\site-packages\graphrag\index\operations\extract_graph\graph_extractor.py", line 118, in __call__
    result = await self._process_document(text, prompt_variables)
             ^^^^^^^^^^^^^^^^^^^^^^^^^^^^^^^^^^^^^^^^^^^^^^^^^^^^
  File "C:\Users\tiago\Documents\Granter Ai Internship\Implementation\KGs_for_Vertical_AI\.venv\Lib\site-packages\graphrag\index\operations\extract_graph\graph_extractor.py", line 146, in _process_document
    response = await self._model.achat(
               ^^^^^^^^^^^^^^^^^^^^^^^^
  File "C:\Users\tiago\Documents\Granter Ai Internship\Implementation\KGs_for_Vertical_AI\.venv\Lib\site-packages\graphrag\language_model\providers\fnllm\models.py", line 82, in achat
    response = await self.model(prompt, **kwargs)
               ^^^^^^^^^^^^^^^^^^^^^^^^^^^^^^^^^^
  File "C:\Users\tiago\Documents\Granter Ai Internship\Implementation\KGs_for_Vertical_AI\.venv\Lib\site-packages\fnllm\openai\llm\openai_chat_llm.py", line 94, in __call__
    return await self._text_chat_llm(prompt, **kwargs)
           ^^^^^^^^^^^^^^^^^^^^^^^^^^^^^^^^^^^^^^^^^^^
  File "C:\Users\tiago\Documents\Granter Ai Internship\Implementation\KGs_for_Vertical_AI\.venv\Lib\site-packages\fnllm\openai\services\openai_tools_parsing.py", line 130, in __call__
    return await self._delegate(prompt, **kwargs)
           ^^^^^^^^^^^^^^^^^^^^^^^^^^^^^^^^^^^^^^
  File "C:\Users\tiago\Documents\Granter Ai Internship\Implementation\KGs_for_Vertical_AI\.venv\Lib\site-packages\fnllm\base\base_llm.py", line 144, in __call__
    return await self._decorated_target(prompt, **kwargs)
           ^^^^^^^^^^^^^^^^^^^^^^^^^^^^^^^^^^^^^^^^^^^^^^
  File "C:\Users\tiago\Documents\Granter Ai Internship\Implementation\KGs_for_Vertical_AI\.venv\Lib\site-packages\fnllm\base\services\json.py", line 78, in invoke
    return await delegate(prompt, **kwargs)
           ^^^^^^^^^^^^^^^^^^^^^^^^^^^^^^^^
  File "C:\Users\tiago\Documents\Granter Ai Internship\Implementation\KGs_for_Vertical_AI\.venv\Lib\site-packages\fnllm\base\services\cached.py", line 137, in invoke
    result = await delegate(prompt, **kwargs)
             ^^^^^^^^^^^^^^^^^^^^^^^^^^^^^^^^
  File "C:\Users\tiago\Documents\Granter Ai Internship\Implementation\KGs_for_Vertical_AI\.venv\Lib\site-packages\fnllm\base\services\rate_limiter.py", line 75, in invoke
    result = await delegate(prompt, **args)
             ^^^^^^^^^^^^^^^^^^^^^^^^^^^^^^
  File "C:\Users\tiago\Documents\Granter Ai Internship\Implementation\KGs_for_Vertical_AI\.venv\Lib\site-packages\fnllm\base\base_llm.py", line 126, in _decorator_target
    output = await self._execute_llm(prompt, kwargs)
             ^^^^^^^^^^^^^^^^^^^^^^^^^^^^^^^^^^^^^^^
  File "C:\Users\tiago\Documents\Granter Ai Internship\Implementation\KGs_for_Vertical_AI\.venv\Lib\site-packages\fnllm\openai\llm\openai_text_chat_llm.py", line 173, in _execute_llm
    raw_response = await self._client.chat.completions.with_raw_response.create(
                   ^^^^^^^^^^^^^^^^^^^^^^^^^^^^^^^^^^^^^^^^^^^^^^^^^^^^^^^^^^^^^
  File "C:\Users\tiago\Documents\Granter Ai Internship\Implementation\KGs_for_Vertical_AI\.venv\Lib\site-packages\openai\_legacy_response.py", line 381, in wrapped
    return cast(LegacyAPIResponse[R], await func(*args, **kwargs))
                                      ^^^^^^^^^^^^^^^^^^^^^^^^^^^
  File "C:\Users\tiago\Documents\Granter Ai Internship\Implementation\KGs_for_Vertical_AI\.venv\Lib\site-packages\openai\resources\chat\completions\completions.py", line 2556, in create
    return await self._post(
           ^^^^^^^^^^^^^^^^^
  File "C:\Users\tiago\Documents\Granter Ai Internship\Implementation\KGs_for_Vertical_AI\.venv\Lib\site-packages\openai\_base_client.py", line 1794, in post
    return await self.request(cast_to, opts, stream=stream, stream_cls=stream_cls)
           ^^^^^^^^^^^^^^^^^^^^^^^^^^^^^^^^^^^^^^^^^^^^^^^^^^^^^^^^^^^^^^^^^^^^^^^
  File "C:\Users\tiago\Documents\Granter Ai Internship\Implementation\KGs_for_Vertical_AI\.venv\Lib\site-packages\openai\_base_client.py", line 1547, in request
    raise APITimeoutError(request=request) from err
openai.APITimeoutError: Request timed out.
2025-08-07 02:33:17.0542 - INFO - graphrag.logger.progress - extract graph progress: 20/51
2025-08-07 02:36:21.0648 - INFO - graphrag.logger.progress - extract graph progress: 21/51
2025-08-07 02:38:40.0089 - INFO - graphrag.logger.progress - extract graph progress: 22/51
2025-08-07 02:40:24.0478 - INFO - graphrag.logger.progress - extract graph progress: 23/51
2025-08-07 02:43:07.0415 - INFO - graphrag.logger.progress - extract graph progress: 24/51
2025-08-07 02:46:09.0516 - INFO - graphrag.logger.progress - extract graph progress: 25/51
2025-08-07 02:49:29.0875 - INFO - graphrag.logger.progress - extract graph progress: 26/51
2025-08-07 02:52:07.0673 - INFO - graphrag.logger.progress - extract graph progress: 27/51
2025-08-07 02:55:04.0722 - INFO - graphrag.logger.progress - extract graph progress: 28/51
2025-08-07 02:59:57.0796 - INFO - graphrag.logger.progress - extract graph progress: 29/51
2025-08-07 03:03:53.0901 - INFO - graphrag.logger.progress - extract graph progress: 30/51
2025-08-07 03:07:25.0609 - INFO - graphrag.logger.progress - extract graph progress: 31/51
2025-08-07 03:10:07.0272 - INFO - graphrag.logger.progress - extract graph progress: 32/51
2025-08-07 04:11:11.0369 - ERROR - graphrag.index.operations.extract_graph.graph_extractor - error extracting graph
Traceback (most recent call last):
  File "C:\Users\tiago\Documents\Granter Ai Internship\Implementation\KGs_for_Vertical_AI\.venv\Lib\site-packages\httpx\_transports\default.py", line 101, in map_httpcore_exceptions
    yield
  File "C:\Users\tiago\Documents\Granter Ai Internship\Implementation\KGs_for_Vertical_AI\.venv\Lib\site-packages\httpx\_transports\default.py", line 394, in handle_async_request
    resp = await self._pool.handle_async_request(req)
           ^^^^^^^^^^^^^^^^^^^^^^^^^^^^^^^^^^^^^^^^^^
  File "C:\Users\tiago\Documents\Granter Ai Internship\Implementation\KGs_for_Vertical_AI\.venv\Lib\site-packages\httpcore\_async\connection_pool.py", line 256, in handle_async_request
    raise exc from None
  File "C:\Users\tiago\Documents\Granter Ai Internship\Implementation\KGs_for_Vertical_AI\.venv\Lib\site-packages\httpcore\_async\connection_pool.py", line 236, in handle_async_request
    response = await connection.handle_async_request(
               ^^^^^^^^^^^^^^^^^^^^^^^^^^^^^^^^^^^^^^
  File "C:\Users\tiago\Documents\Granter Ai Internship\Implementation\KGs_for_Vertical_AI\.venv\Lib\site-packages\httpcore\_async\connection.py", line 103, in handle_async_request
    return await self._connection.handle_async_request(request)
           ^^^^^^^^^^^^^^^^^^^^^^^^^^^^^^^^^^^^^^^^^^^^^^^^^^^^
  File "C:\Users\tiago\Documents\Granter Ai Internship\Implementation\KGs_for_Vertical_AI\.venv\Lib\site-packages\httpcore\_async\http11.py", line 136, in handle_async_request
    raise exc
  File "C:\Users\tiago\Documents\Granter Ai Internship\Implementation\KGs_for_Vertical_AI\.venv\Lib\site-packages\httpcore\_async\http11.py", line 106, in handle_async_request
    ) = await self._receive_response_headers(**kwargs)
        ^^^^^^^^^^^^^^^^^^^^^^^^^^^^^^^^^^^^^^^^^^^^^^
  File "C:\Users\tiago\Documents\Granter Ai Internship\Implementation\KGs_for_Vertical_AI\.venv\Lib\site-packages\httpcore\_async\http11.py", line 177, in _receive_response_headers
    event = await self._receive_event(timeout=timeout)
            ^^^^^^^^^^^^^^^^^^^^^^^^^^^^^^^^^^^^^^^^^^
  File "C:\Users\tiago\Documents\Granter Ai Internship\Implementation\KGs_for_Vertical_AI\.venv\Lib\site-packages\httpcore\_async\http11.py", line 217, in _receive_event
    data = await self._network_stream.read(
           ^^^^^^^^^^^^^^^^^^^^^^^^^^^^^^^^
  File "C:\Users\tiago\Documents\Granter Ai Internship\Implementation\KGs_for_Vertical_AI\.venv\Lib\site-packages\httpcore\_backends\anyio.py", line 32, in read
    with map_exceptions(exc_map):
         ^^^^^^^^^^^^^^^^^^^^^^^
  File "C:\Users\tiago\AppData\Local\Programs\Python\Python312\Lib\contextlib.py", line 158, in __exit__
    self.gen.throw(value)
  File "C:\Users\tiago\Documents\Granter Ai Internship\Implementation\KGs_for_Vertical_AI\.venv\Lib\site-packages\httpcore\_exceptions.py", line 14, in map_exceptions
    raise to_exc(exc) from exc
httpcore.ReadTimeout

The above exception was the direct cause of the following exception:

Traceback (most recent call last):
  File "C:\Users\tiago\Documents\Granter Ai Internship\Implementation\KGs_for_Vertical_AI\.venv\Lib\site-packages\openai\_base_client.py", line 1529, in request
    response = await self._client.send(
               ^^^^^^^^^^^^^^^^^^^^^^^^
  File "C:\Users\tiago\Documents\Granter Ai Internship\Implementation\KGs_for_Vertical_AI\.venv\Lib\site-packages\httpx\_client.py", line 1629, in send
    response = await self._send_handling_auth(
               ^^^^^^^^^^^^^^^^^^^^^^^^^^^^^^^
  File "C:\Users\tiago\Documents\Granter Ai Internship\Implementation\KGs_for_Vertical_AI\.venv\Lib\site-packages\httpx\_client.py", line 1657, in _send_handling_auth
    response = await self._send_handling_redirects(
               ^^^^^^^^^^^^^^^^^^^^^^^^^^^^^^^^^^^^
  File "C:\Users\tiago\Documents\Granter Ai Internship\Implementation\KGs_for_Vertical_AI\.venv\Lib\site-packages\httpx\_client.py", line 1694, in _send_handling_redirects
    response = await self._send_single_request(request)
               ^^^^^^^^^^^^^^^^^^^^^^^^^^^^^^^^^^^^^^^^
  File "C:\Users\tiago\Documents\Granter Ai Internship\Implementation\KGs_for_Vertical_AI\.venv\Lib\site-packages\httpx\_client.py", line 1730, in _send_single_request
    response = await transport.handle_async_request(request)
               ^^^^^^^^^^^^^^^^^^^^^^^^^^^^^^^^^^^^^^^^^^^^^
  File "C:\Users\tiago\Documents\Granter Ai Internship\Implementation\KGs_for_Vertical_AI\.venv\Lib\site-packages\httpx\_transports\default.py", line 393, in handle_async_request
    with map_httpcore_exceptions():
         ^^^^^^^^^^^^^^^^^^^^^^^^^
  File "C:\Users\tiago\AppData\Local\Programs\Python\Python312\Lib\contextlib.py", line 158, in __exit__
    self.gen.throw(value)
  File "C:\Users\tiago\Documents\Granter Ai Internship\Implementation\KGs_for_Vertical_AI\.venv\Lib\site-packages\httpx\_transports\default.py", line 118, in map_httpcore_exceptions
    raise mapped_exc(message) from exc
httpx.ReadTimeout

The above exception was the direct cause of the following exception:

Traceback (most recent call last):
  File "C:\Users\tiago\Documents\Granter Ai Internship\Implementation\KGs_for_Vertical_AI\.venv\Lib\site-packages\graphrag\index\operations\extract_graph\graph_extractor.py", line 118, in __call__
    result = await self._process_document(text, prompt_variables)
             ^^^^^^^^^^^^^^^^^^^^^^^^^^^^^^^^^^^^^^^^^^^^^^^^^^^^
  File "C:\Users\tiago\Documents\Granter Ai Internship\Implementation\KGs_for_Vertical_AI\.venv\Lib\site-packages\graphrag\index\operations\extract_graph\graph_extractor.py", line 146, in _process_document
    response = await self._model.achat(
               ^^^^^^^^^^^^^^^^^^^^^^^^
  File "C:\Users\tiago\Documents\Granter Ai Internship\Implementation\KGs_for_Vertical_AI\.venv\Lib\site-packages\graphrag\language_model\providers\fnllm\models.py", line 82, in achat
    response = await self.model(prompt, **kwargs)
               ^^^^^^^^^^^^^^^^^^^^^^^^^^^^^^^^^^
  File "C:\Users\tiago\Documents\Granter Ai Internship\Implementation\KGs_for_Vertical_AI\.venv\Lib\site-packages\fnllm\openai\llm\openai_chat_llm.py", line 94, in __call__
    return await self._text_chat_llm(prompt, **kwargs)
           ^^^^^^^^^^^^^^^^^^^^^^^^^^^^^^^^^^^^^^^^^^^
  File "C:\Users\tiago\Documents\Granter Ai Internship\Implementation\KGs_for_Vertical_AI\.venv\Lib\site-packages\fnllm\openai\services\openai_tools_parsing.py", line 130, in __call__
    return await self._delegate(prompt, **kwargs)
           ^^^^^^^^^^^^^^^^^^^^^^^^^^^^^^^^^^^^^^
  File "C:\Users\tiago\Documents\Granter Ai Internship\Implementation\KGs_for_Vertical_AI\.venv\Lib\site-packages\fnllm\base\base_llm.py", line 144, in __call__
    return await self._decorated_target(prompt, **kwargs)
           ^^^^^^^^^^^^^^^^^^^^^^^^^^^^^^^^^^^^^^^^^^^^^^
  File "C:\Users\tiago\Documents\Granter Ai Internship\Implementation\KGs_for_Vertical_AI\.venv\Lib\site-packages\fnllm\base\services\json.py", line 78, in invoke
    return await delegate(prompt, **kwargs)
           ^^^^^^^^^^^^^^^^^^^^^^^^^^^^^^^^
  File "C:\Users\tiago\Documents\Granter Ai Internship\Implementation\KGs_for_Vertical_AI\.venv\Lib\site-packages\fnllm\base\services\cached.py", line 137, in invoke
    result = await delegate(prompt, **kwargs)
             ^^^^^^^^^^^^^^^^^^^^^^^^^^^^^^^^
  File "C:\Users\tiago\Documents\Granter Ai Internship\Implementation\KGs_for_Vertical_AI\.venv\Lib\site-packages\fnllm\base\services\rate_limiter.py", line 75, in invoke
    result = await delegate(prompt, **args)
             ^^^^^^^^^^^^^^^^^^^^^^^^^^^^^^
  File "C:\Users\tiago\Documents\Granter Ai Internship\Implementation\KGs_for_Vertical_AI\.venv\Lib\site-packages\fnllm\base\base_llm.py", line 126, in _decorator_target
    output = await self._execute_llm(prompt, kwargs)
             ^^^^^^^^^^^^^^^^^^^^^^^^^^^^^^^^^^^^^^^
  File "C:\Users\tiago\Documents\Granter Ai Internship\Implementation\KGs_for_Vertical_AI\.venv\Lib\site-packages\fnllm\openai\llm\openai_text_chat_llm.py", line 173, in _execute_llm
    raw_response = await self._client.chat.completions.with_raw_response.create(
                   ^^^^^^^^^^^^^^^^^^^^^^^^^^^^^^^^^^^^^^^^^^^^^^^^^^^^^^^^^^^^^
  File "C:\Users\tiago\Documents\Granter Ai Internship\Implementation\KGs_for_Vertical_AI\.venv\Lib\site-packages\openai\_legacy_response.py", line 381, in wrapped
    return cast(LegacyAPIResponse[R], await func(*args, **kwargs))
                                      ^^^^^^^^^^^^^^^^^^^^^^^^^^^
  File "C:\Users\tiago\Documents\Granter Ai Internship\Implementation\KGs_for_Vertical_AI\.venv\Lib\site-packages\openai\resources\chat\completions\completions.py", line 2556, in create
    return await self._post(
           ^^^^^^^^^^^^^^^^^
  File "C:\Users\tiago\Documents\Granter Ai Internship\Implementation\KGs_for_Vertical_AI\.venv\Lib\site-packages\openai\_base_client.py", line 1794, in post
    return await self.request(cast_to, opts, stream=stream, stream_cls=stream_cls)
           ^^^^^^^^^^^^^^^^^^^^^^^^^^^^^^^^^^^^^^^^^^^^^^^^^^^^^^^^^^^^^^^^^^^^^^^
  File "C:\Users\tiago\Documents\Granter Ai Internship\Implementation\KGs_for_Vertical_AI\.venv\Lib\site-packages\openai\_base_client.py", line 1547, in request
    raise APITimeoutError(request=request) from err
openai.APITimeoutError: Request timed out.
2025-08-07 04:11:11.0386 - ERROR - graphrag.index.operations.extract_graph.graph_intelligence_strategy - Entity Extraction Error
Traceback (most recent call last):
  File "C:\Users\tiago\Documents\Granter Ai Internship\Implementation\KGs_for_Vertical_AI\.venv\Lib\site-packages\httpx\_transports\default.py", line 101, in map_httpcore_exceptions
    yield
  File "C:\Users\tiago\Documents\Granter Ai Internship\Implementation\KGs_for_Vertical_AI\.venv\Lib\site-packages\httpx\_transports\default.py", line 394, in handle_async_request
    resp = await self._pool.handle_async_request(req)
           ^^^^^^^^^^^^^^^^^^^^^^^^^^^^^^^^^^^^^^^^^^
  File "C:\Users\tiago\Documents\Granter Ai Internship\Implementation\KGs_for_Vertical_AI\.venv\Lib\site-packages\httpcore\_async\connection_pool.py", line 256, in handle_async_request
    raise exc from None
  File "C:\Users\tiago\Documents\Granter Ai Internship\Implementation\KGs_for_Vertical_AI\.venv\Lib\site-packages\httpcore\_async\connection_pool.py", line 236, in handle_async_request
    response = await connection.handle_async_request(
               ^^^^^^^^^^^^^^^^^^^^^^^^^^^^^^^^^^^^^^
  File "C:\Users\tiago\Documents\Granter Ai Internship\Implementation\KGs_for_Vertical_AI\.venv\Lib\site-packages\httpcore\_async\connection.py", line 103, in handle_async_request
    return await self._connection.handle_async_request(request)
           ^^^^^^^^^^^^^^^^^^^^^^^^^^^^^^^^^^^^^^^^^^^^^^^^^^^^
  File "C:\Users\tiago\Documents\Granter Ai Internship\Implementation\KGs_for_Vertical_AI\.venv\Lib\site-packages\httpcore\_async\http11.py", line 136, in handle_async_request
    raise exc
  File "C:\Users\tiago\Documents\Granter Ai Internship\Implementation\KGs_for_Vertical_AI\.venv\Lib\site-packages\httpcore\_async\http11.py", line 106, in handle_async_request
    ) = await self._receive_response_headers(**kwargs)
        ^^^^^^^^^^^^^^^^^^^^^^^^^^^^^^^^^^^^^^^^^^^^^^
  File "C:\Users\tiago\Documents\Granter Ai Internship\Implementation\KGs_for_Vertical_AI\.venv\Lib\site-packages\httpcore\_async\http11.py", line 177, in _receive_response_headers
    event = await self._receive_event(timeout=timeout)
            ^^^^^^^^^^^^^^^^^^^^^^^^^^^^^^^^^^^^^^^^^^
  File "C:\Users\tiago\Documents\Granter Ai Internship\Implementation\KGs_for_Vertical_AI\.venv\Lib\site-packages\httpcore\_async\http11.py", line 217, in _receive_event
    data = await self._network_stream.read(
           ^^^^^^^^^^^^^^^^^^^^^^^^^^^^^^^^
  File "C:\Users\tiago\Documents\Granter Ai Internship\Implementation\KGs_for_Vertical_AI\.venv\Lib\site-packages\httpcore\_backends\anyio.py", line 32, in read
    with map_exceptions(exc_map):
         ^^^^^^^^^^^^^^^^^^^^^^^
  File "C:\Users\tiago\AppData\Local\Programs\Python\Python312\Lib\contextlib.py", line 158, in __exit__
    self.gen.throw(value)
  File "C:\Users\tiago\Documents\Granter Ai Internship\Implementation\KGs_for_Vertical_AI\.venv\Lib\site-packages\httpcore\_exceptions.py", line 14, in map_exceptions
    raise to_exc(exc) from exc
httpcore.ReadTimeout

The above exception was the direct cause of the following exception:

Traceback (most recent call last):
  File "C:\Users\tiago\Documents\Granter Ai Internship\Implementation\KGs_for_Vertical_AI\.venv\Lib\site-packages\openai\_base_client.py", line 1529, in request
    response = await self._client.send(
               ^^^^^^^^^^^^^^^^^^^^^^^^
  File "C:\Users\tiago\Documents\Granter Ai Internship\Implementation\KGs_for_Vertical_AI\.venv\Lib\site-packages\httpx\_client.py", line 1629, in send
    response = await self._send_handling_auth(
               ^^^^^^^^^^^^^^^^^^^^^^^^^^^^^^^
  File "C:\Users\tiago\Documents\Granter Ai Internship\Implementation\KGs_for_Vertical_AI\.venv\Lib\site-packages\httpx\_client.py", line 1657, in _send_handling_auth
    response = await self._send_handling_redirects(
               ^^^^^^^^^^^^^^^^^^^^^^^^^^^^^^^^^^^^
  File "C:\Users\tiago\Documents\Granter Ai Internship\Implementation\KGs_for_Vertical_AI\.venv\Lib\site-packages\httpx\_client.py", line 1694, in _send_handling_redirects
    response = await self._send_single_request(request)
               ^^^^^^^^^^^^^^^^^^^^^^^^^^^^^^^^^^^^^^^^
  File "C:\Users\tiago\Documents\Granter Ai Internship\Implementation\KGs_for_Vertical_AI\.venv\Lib\site-packages\httpx\_client.py", line 1730, in _send_single_request
    response = await transport.handle_async_request(request)
               ^^^^^^^^^^^^^^^^^^^^^^^^^^^^^^^^^^^^^^^^^^^^^
  File "C:\Users\tiago\Documents\Granter Ai Internship\Implementation\KGs_for_Vertical_AI\.venv\Lib\site-packages\httpx\_transports\default.py", line 393, in handle_async_request
    with map_httpcore_exceptions():
         ^^^^^^^^^^^^^^^^^^^^^^^^^
  File "C:\Users\tiago\AppData\Local\Programs\Python\Python312\Lib\contextlib.py", line 158, in __exit__
    self.gen.throw(value)
  File "C:\Users\tiago\Documents\Granter Ai Internship\Implementation\KGs_for_Vertical_AI\.venv\Lib\site-packages\httpx\_transports\default.py", line 118, in map_httpcore_exceptions
    raise mapped_exc(message) from exc
httpx.ReadTimeout

The above exception was the direct cause of the following exception:

Traceback (most recent call last):
  File "C:\Users\tiago\Documents\Granter Ai Internship\Implementation\KGs_for_Vertical_AI\.venv\Lib\site-packages\graphrag\index\operations\extract_graph\graph_extractor.py", line 118, in __call__
    result = await self._process_document(text, prompt_variables)
             ^^^^^^^^^^^^^^^^^^^^^^^^^^^^^^^^^^^^^^^^^^^^^^^^^^^^
  File "C:\Users\tiago\Documents\Granter Ai Internship\Implementation\KGs_for_Vertical_AI\.venv\Lib\site-packages\graphrag\index\operations\extract_graph\graph_extractor.py", line 146, in _process_document
    response = await self._model.achat(
               ^^^^^^^^^^^^^^^^^^^^^^^^
  File "C:\Users\tiago\Documents\Granter Ai Internship\Implementation\KGs_for_Vertical_AI\.venv\Lib\site-packages\graphrag\language_model\providers\fnllm\models.py", line 82, in achat
    response = await self.model(prompt, **kwargs)
               ^^^^^^^^^^^^^^^^^^^^^^^^^^^^^^^^^^
  File "C:\Users\tiago\Documents\Granter Ai Internship\Implementation\KGs_for_Vertical_AI\.venv\Lib\site-packages\fnllm\openai\llm\openai_chat_llm.py", line 94, in __call__
    return await self._text_chat_llm(prompt, **kwargs)
           ^^^^^^^^^^^^^^^^^^^^^^^^^^^^^^^^^^^^^^^^^^^
  File "C:\Users\tiago\Documents\Granter Ai Internship\Implementation\KGs_for_Vertical_AI\.venv\Lib\site-packages\fnllm\openai\services\openai_tools_parsing.py", line 130, in __call__
    return await self._delegate(prompt, **kwargs)
           ^^^^^^^^^^^^^^^^^^^^^^^^^^^^^^^^^^^^^^
  File "C:\Users\tiago\Documents\Granter Ai Internship\Implementation\KGs_for_Vertical_AI\.venv\Lib\site-packages\fnllm\base\base_llm.py", line 144, in __call__
    return await self._decorated_target(prompt, **kwargs)
           ^^^^^^^^^^^^^^^^^^^^^^^^^^^^^^^^^^^^^^^^^^^^^^
  File "C:\Users\tiago\Documents\Granter Ai Internship\Implementation\KGs_for_Vertical_AI\.venv\Lib\site-packages\fnllm\base\services\json.py", line 78, in invoke
    return await delegate(prompt, **kwargs)
           ^^^^^^^^^^^^^^^^^^^^^^^^^^^^^^^^
  File "C:\Users\tiago\Documents\Granter Ai Internship\Implementation\KGs_for_Vertical_AI\.venv\Lib\site-packages\fnllm\base\services\cached.py", line 137, in invoke
    result = await delegate(prompt, **kwargs)
             ^^^^^^^^^^^^^^^^^^^^^^^^^^^^^^^^
  File "C:\Users\tiago\Documents\Granter Ai Internship\Implementation\KGs_for_Vertical_AI\.venv\Lib\site-packages\fnllm\base\services\rate_limiter.py", line 75, in invoke
    result = await delegate(prompt, **args)
             ^^^^^^^^^^^^^^^^^^^^^^^^^^^^^^
  File "C:\Users\tiago\Documents\Granter Ai Internship\Implementation\KGs_for_Vertical_AI\.venv\Lib\site-packages\fnllm\base\base_llm.py", line 126, in _decorator_target
    output = await self._execute_llm(prompt, kwargs)
             ^^^^^^^^^^^^^^^^^^^^^^^^^^^^^^^^^^^^^^^
  File "C:\Users\tiago\Documents\Granter Ai Internship\Implementation\KGs_for_Vertical_AI\.venv\Lib\site-packages\fnllm\openai\llm\openai_text_chat_llm.py", line 173, in _execute_llm
    raw_response = await self._client.chat.completions.with_raw_response.create(
                   ^^^^^^^^^^^^^^^^^^^^^^^^^^^^^^^^^^^^^^^^^^^^^^^^^^^^^^^^^^^^^
  File "C:\Users\tiago\Documents\Granter Ai Internship\Implementation\KGs_for_Vertical_AI\.venv\Lib\site-packages\openai\_legacy_response.py", line 381, in wrapped
    return cast(LegacyAPIResponse[R], await func(*args, **kwargs))
                                      ^^^^^^^^^^^^^^^^^^^^^^^^^^^
  File "C:\Users\tiago\Documents\Granter Ai Internship\Implementation\KGs_for_Vertical_AI\.venv\Lib\site-packages\openai\resources\chat\completions\completions.py", line 2556, in create
    return await self._post(
           ^^^^^^^^^^^^^^^^^
  File "C:\Users\tiago\Documents\Granter Ai Internship\Implementation\KGs_for_Vertical_AI\.venv\Lib\site-packages\openai\_base_client.py", line 1794, in post
    return await self.request(cast_to, opts, stream=stream, stream_cls=stream_cls)
           ^^^^^^^^^^^^^^^^^^^^^^^^^^^^^^^^^^^^^^^^^^^^^^^^^^^^^^^^^^^^^^^^^^^^^^^
  File "C:\Users\tiago\Documents\Granter Ai Internship\Implementation\KGs_for_Vertical_AI\.venv\Lib\site-packages\openai\_base_client.py", line 1547, in request
    raise APITimeoutError(request=request) from err
openai.APITimeoutError: Request timed out.
2025-08-07 04:11:11.0397 - INFO - graphrag.logger.progress - extract graph progress: 33/51
2025-08-07 04:14:20.0054 - INFO - graphrag.logger.progress - extract graph progress: 34/51
2025-08-07 04:17:16.0705 - INFO - graphrag.logger.progress - extract graph progress: 35/51
2025-08-07 04:19:45.0041 - INFO - graphrag.logger.progress - extract graph progress: 36/51
2025-08-07 04:22:24.0358 - INFO - graphrag.logger.progress - extract graph progress: 37/51
2025-08-07 04:25:24.0592 - INFO - graphrag.logger.progress - extract graph progress: 38/51
2025-08-07 04:28:36.0465 - INFO - graphrag.logger.progress - extract graph progress: 39/51
2025-08-07 04:31:15.0677 - INFO - graphrag.logger.progress - extract graph progress: 40/51
2025-08-07 04:34:09.0719 - INFO - graphrag.logger.progress - extract graph progress: 41/51
2025-08-07 04:37:06.0181 - INFO - graphrag.logger.progress - extract graph progress: 42/51
2025-08-07 04:40:38.0170 - INFO - graphrag.logger.progress - extract graph progress: 43/51
2025-08-07 04:43:24.0112 - INFO - graphrag.logger.progress - extract graph progress: 44/51
2025-08-07 04:46:52.0666 - INFO - graphrag.logger.progress - extract graph progress: 45/51
2025-08-07 04:49:26.0711 - INFO - graphrag.logger.progress - extract graph progress: 46/51
2025-08-07 04:52:14.0870 - INFO - graphrag.logger.progress - extract graph progress: 47/51
2025-08-07 04:55:47.0163 - INFO - graphrag.logger.progress - extract graph progress: 48/51
2025-08-07 04:59:11.0844 - INFO - graphrag.logger.progress - extract graph progress: 49/51
2025-08-07 05:02:59.0876 - INFO - graphrag.logger.progress - extract graph progress: 50/51
2025-08-07 05:06:40.0819 - INFO - graphrag.logger.progress - extract graph progress: 51/51
2025-08-07 05:07:41.0290 - INFO - graphrag.logger.progress - Summarize entity/relationship description progress: 1/503
2025-08-07 05:09:41.0313 - INFO - graphrag.logger.progress - Summarize entity/relationship description progress: 2/503
2025-08-07 05:09:41.0314 - INFO - graphrag.logger.progress - Summarize entity/relationship description progress: 3/503
2025-08-07 05:09:41.0314 - INFO - graphrag.logger.progress - Summarize entity/relationship description progress: 4/503
2025-08-07 05:09:41.0316 - INFO - graphrag.logger.progress - Summarize entity/relationship description progress: 5/503
2025-08-07 05:09:41.0317 - INFO - graphrag.logger.progress - Summarize entity/relationship description progress: 6/503
2025-08-07 05:09:41.0317 - INFO - graphrag.logger.progress - Summarize entity/relationship description progress: 7/503
2025-08-07 05:09:41.0318 - INFO - graphrag.logger.progress - Summarize entity/relationship description progress: 8/503
2025-08-07 05:09:41.0319 - INFO - graphrag.logger.progress - Summarize entity/relationship description progress: 9/503
2025-08-07 05:09:41.0320 - INFO - graphrag.logger.progress - Summarize entity/relationship description progress: 10/503
2025-08-07 05:11:41.0343 - INFO - graphrag.logger.progress - Summarize entity/relationship description progress: 11/503
2025-08-07 05:11:41.0343 - INFO - graphrag.logger.progress - Summarize entity/relationship description progress: 12/503
2025-08-07 05:11:41.0344 - INFO - graphrag.logger.progress - Summarize entity/relationship description progress: 13/503
2025-08-07 05:11:41.0345 - INFO - graphrag.logger.progress - Summarize entity/relationship description progress: 14/503
2025-08-07 05:11:41.0346 - INFO - graphrag.logger.progress - Summarize entity/relationship description progress: 15/503
2025-08-07 05:11:41.0346 - INFO - graphrag.logger.progress - Summarize entity/relationship description progress: 16/503
2025-08-07 05:11:41.0347 - INFO - graphrag.logger.progress - Summarize entity/relationship description progress: 17/503
2025-08-07 05:11:41.0347 - INFO - graphrag.logger.progress - Summarize entity/relationship description progress: 18/503
2025-08-07 05:11:41.0348 - INFO - graphrag.logger.progress - Summarize entity/relationship description progress: 19/503
2025-08-07 05:11:41.0349 - INFO - graphrag.logger.progress - Summarize entity/relationship description progress: 20/503
2025-08-07 05:11:41.0349 - INFO - graphrag.logger.progress - Summarize entity/relationship description progress: 21/503
2025-08-07 05:13:41.0352 - INFO - graphrag.logger.progress - Summarize entity/relationship description progress: 22/503
2025-08-07 05:15:41.0354 - INFO - graphrag.logger.progress - Summarize entity/relationship description progress: 23/503
2025-08-07 05:15:41.0355 - INFO - graphrag.logger.progress - Summarize entity/relationship description progress: 24/503
2025-08-07 05:15:41.0355 - INFO - graphrag.logger.progress - Summarize entity/relationship description progress: 25/503
2025-08-07 05:15:41.0356 - INFO - graphrag.logger.progress - Summarize entity/relationship description progress: 26/503
2025-08-07 05:15:41.0357 - INFO - graphrag.logger.progress - Summarize entity/relationship description progress: 27/503
2025-08-07 05:15:41.0358 - INFO - graphrag.logger.progress - Summarize entity/relationship description progress: 28/503
2025-08-07 05:15:41.0358 - INFO - graphrag.logger.progress - Summarize entity/relationship description progress: 29/503
2025-08-07 05:15:41.0359 - INFO - graphrag.logger.progress - Summarize entity/relationship description progress: 30/503
2025-08-07 05:15:41.0360 - INFO - graphrag.logger.progress - Summarize entity/relationship description progress: 31/503
2025-08-07 05:17:41.0395 - INFO - graphrag.logger.progress - Summarize entity/relationship description progress: 32/503
2025-08-07 05:17:41.0395 - INFO - graphrag.logger.progress - Summarize entity/relationship description progress: 33/503
2025-08-07 05:17:41.0396 - INFO - graphrag.logger.progress - Summarize entity/relationship description progress: 34/503
2025-08-07 05:17:41.0397 - INFO - graphrag.logger.progress - Summarize entity/relationship description progress: 35/503
2025-08-07 05:17:41.0398 - INFO - graphrag.logger.progress - Summarize entity/relationship description progress: 36/503
2025-08-07 05:17:41.0398 - INFO - graphrag.logger.progress - Summarize entity/relationship description progress: 37/503
2025-08-07 05:17:41.0398 - INFO - graphrag.logger.progress - Summarize entity/relationship description progress: 38/503
2025-08-07 05:17:41.0400 - INFO - graphrag.logger.progress - Summarize entity/relationship description progress: 39/503
2025-08-07 05:19:41.0423 - INFO - graphrag.logger.progress - Summarize entity/relationship description progress: 40/503
2025-08-07 05:19:41.0424 - INFO - graphrag.logger.progress - Summarize entity/relationship description progress: 41/503
2025-08-07 05:19:41.0424 - INFO - graphrag.logger.progress - Summarize entity/relationship description progress: 42/503
2025-08-07 05:19:41.0425 - INFO - graphrag.logger.progress - Summarize entity/relationship description progress: 43/503
2025-08-07 05:19:41.0426 - INFO - graphrag.logger.progress - Summarize entity/relationship description progress: 44/503
2025-08-07 05:19:41.0427 - INFO - graphrag.logger.progress - Summarize entity/relationship description progress: 45/503
2025-08-07 05:19:41.0427 - INFO - graphrag.logger.progress - Summarize entity/relationship description progress: 46/503
2025-08-07 05:19:41.0428 - INFO - graphrag.logger.progress - Summarize entity/relationship description progress: 47/503
2025-08-07 05:19:41.0429 - INFO - graphrag.logger.progress - Summarize entity/relationship description progress: 48/503
2025-08-07 05:19:41.0430 - INFO - graphrag.logger.progress - Summarize entity/relationship description progress: 49/503
2025-08-07 05:19:41.0430 - INFO - graphrag.logger.progress - Summarize entity/relationship description progress: 50/503
2025-08-07 05:19:41.0431 - INFO - graphrag.logger.progress - Summarize entity/relationship description progress: 51/503
2025-08-07 05:19:41.0432 - INFO - graphrag.logger.progress - Summarize entity/relationship description progress: 52/503
2025-08-07 05:19:41.0432 - INFO - graphrag.logger.progress - Summarize entity/relationship description progress: 53/503
2025-08-07 05:19:41.0433 - INFO - graphrag.logger.progress - Summarize entity/relationship description progress: 54/503
2025-08-07 05:19:41.0434 - INFO - graphrag.logger.progress - Summarize entity/relationship description progress: 55/503
2025-08-07 05:19:41.0435 - INFO - graphrag.logger.progress - Summarize entity/relationship description progress: 56/503
2025-08-07 05:19:41.0435 - INFO - graphrag.logger.progress - Summarize entity/relationship description progress: 57/503
2025-08-07 05:19:41.0436 - INFO - graphrag.logger.progress - Summarize entity/relationship description progress: 58/503
2025-08-07 05:19:41.0437 - INFO - graphrag.logger.progress - Summarize entity/relationship description progress: 59/503
2025-08-07 05:19:41.0438 - INFO - graphrag.logger.progress - Summarize entity/relationship description progress: 60/503
2025-08-07 05:19:41.0438 - INFO - graphrag.logger.progress - Summarize entity/relationship description progress: 61/503
2025-08-07 05:19:41.0439 - INFO - graphrag.logger.progress - Summarize entity/relationship description progress: 62/503
2025-08-07 05:19:41.0440 - INFO - graphrag.logger.progress - Summarize entity/relationship description progress: 63/503
2025-08-07 05:19:41.0441 - INFO - graphrag.logger.progress - Summarize entity/relationship description progress: 64/503
2025-08-07 05:19:41.0441 - INFO - graphrag.logger.progress - Summarize entity/relationship description progress: 65/503
2025-08-07 05:19:41.0442 - INFO - graphrag.logger.progress - Summarize entity/relationship description progress: 66/503
2025-08-07 05:19:41.0443 - INFO - graphrag.logger.progress - Summarize entity/relationship description progress: 67/503
2025-08-07 05:19:41.0443 - INFO - graphrag.logger.progress - Summarize entity/relationship description progress: 68/503
2025-08-07 05:19:41.0443 - INFO - graphrag.logger.progress - Summarize entity/relationship description progress: 69/503
2025-08-07 05:19:41.0444 - INFO - graphrag.logger.progress - Summarize entity/relationship description progress: 70/503
2025-08-07 05:19:41.0445 - INFO - graphrag.logger.progress - Summarize entity/relationship description progress: 71/503
2025-08-07 05:19:41.0445 - INFO - graphrag.logger.progress - Summarize entity/relationship description progress: 72/503
2025-08-07 05:19:41.0446 - INFO - graphrag.logger.progress - Summarize entity/relationship description progress: 73/503
2025-08-07 05:19:41.0446 - INFO - graphrag.logger.progress - Summarize entity/relationship description progress: 74/503
2025-08-07 05:19:41.0447 - INFO - graphrag.logger.progress - Summarize entity/relationship description progress: 75/503
2025-08-07 05:19:41.0447 - INFO - graphrag.logger.progress - Summarize entity/relationship description progress: 76/503
2025-08-07 05:19:41.0447 - INFO - graphrag.logger.progress - Summarize entity/relationship description progress: 77/503
2025-08-07 05:19:41.0447 - INFO - graphrag.logger.progress - Summarize entity/relationship description progress: 78/503
2025-08-07 05:19:41.0447 - INFO - graphrag.logger.progress - Summarize entity/relationship description progress: 79/503
2025-08-07 05:21:41.0448 - INFO - graphrag.logger.progress - Summarize entity/relationship description progress: 80/503
2025-08-07 05:23:41.0474 - INFO - graphrag.logger.progress - Summarize entity/relationship description progress: 81/503
2025-08-07 05:23:41.0475 - INFO - graphrag.logger.progress - Summarize entity/relationship description progress: 82/503
2025-08-07 05:23:41.0476 - INFO - graphrag.logger.progress - Summarize entity/relationship description progress: 83/503
2025-08-07 05:23:41.0476 - INFO - graphrag.logger.progress - Summarize entity/relationship description progress: 84/503
2025-08-07 05:25:41.0488 - INFO - graphrag.logger.progress - Summarize entity/relationship description progress: 85/503
2025-08-07 05:25:41.0489 - INFO - graphrag.logger.progress - Summarize entity/relationship description progress: 86/503
2025-08-07 05:27:41.0496 - INFO - graphrag.logger.progress - Summarize entity/relationship description progress: 87/503
2025-08-07 05:29:41.0508 - INFO - graphrag.logger.progress - Summarize entity/relationship description progress: 88/503
2025-08-07 05:29:41.0509 - INFO - graphrag.logger.progress - Summarize entity/relationship description progress: 89/503
2025-08-07 05:29:41.0510 - INFO - graphrag.logger.progress - Summarize entity/relationship description progress: 90/503
2025-08-07 05:29:41.0511 - INFO - graphrag.logger.progress - Summarize entity/relationship description progress: 91/503
2025-08-07 05:29:41.0511 - INFO - graphrag.logger.progress - Summarize entity/relationship description progress: 92/503
2025-08-07 05:29:41.0512 - INFO - graphrag.logger.progress - Summarize entity/relationship description progress: 93/503
2025-08-07 05:29:41.0513 - INFO - graphrag.logger.progress - Summarize entity/relationship description progress: 94/503
2025-08-07 05:29:41.0513 - INFO - graphrag.logger.progress - Summarize entity/relationship description progress: 95/503
2025-08-07 05:29:41.0514 - INFO - graphrag.logger.progress - Summarize entity/relationship description progress: 96/503
2025-08-07 05:29:41.0515 - INFO - graphrag.logger.progress - Summarize entity/relationship description progress: 97/503
2025-08-07 05:29:41.0516 - INFO - graphrag.logger.progress - Summarize entity/relationship description progress: 98/503
2025-08-07 05:29:41.0516 - INFO - graphrag.logger.progress - Summarize entity/relationship description progress: 99/503
2025-08-07 05:29:41.0517 - INFO - graphrag.logger.progress - Summarize entity/relationship description progress: 100/503
2025-08-07 05:29:41.0518 - INFO - graphrag.logger.progress - Summarize entity/relationship description progress: 101/503
2025-08-07 05:29:41.0518 - INFO - graphrag.logger.progress - Summarize entity/relationship description progress: 102/503
2025-08-07 05:29:41.0519 - INFO - graphrag.logger.progress - Summarize entity/relationship description progress: 103/503
2025-08-07 05:29:41.0519 - INFO - graphrag.logger.progress - Summarize entity/relationship description progress: 104/503
2025-08-07 05:29:41.0521 - INFO - graphrag.logger.progress - Summarize entity/relationship description progress: 105/503
2025-08-07 05:29:41.0522 - INFO - graphrag.logger.progress - Summarize entity/relationship description progress: 106/503
2025-08-07 05:29:41.0523 - INFO - graphrag.logger.progress - Summarize entity/relationship description progress: 107/503
2025-08-07 05:29:41.0523 - INFO - graphrag.logger.progress - Summarize entity/relationship description progress: 108/503
2025-08-07 05:29:41.0524 - INFO - graphrag.logger.progress - Summarize entity/relationship description progress: 109/503
2025-08-07 05:29:41.0525 - INFO - graphrag.logger.progress - Summarize entity/relationship description progress: 110/503
2025-08-07 05:29:41.0525 - INFO - graphrag.logger.progress - Summarize entity/relationship description progress: 111/503
2025-08-07 05:29:41.0526 - INFO - graphrag.logger.progress - Summarize entity/relationship description progress: 112/503
2025-08-07 05:29:41.0527 - INFO - graphrag.logger.progress - Summarize entity/relationship description progress: 113/503
2025-08-07 05:29:41.0527 - INFO - graphrag.logger.progress - Summarize entity/relationship description progress: 114/503
2025-08-07 05:31:41.0533 - INFO - graphrag.logger.progress - Summarize entity/relationship description progress: 115/503
2025-08-07 05:31:41.0534 - INFO - graphrag.logger.progress - Summarize entity/relationship description progress: 116/503
2025-08-07 05:31:41.0535 - INFO - graphrag.logger.progress - Summarize entity/relationship description progress: 117/503
2025-08-07 05:31:41.0536 - INFO - graphrag.logger.progress - Summarize entity/relationship description progress: 118/503
2025-08-07 05:31:41.0537 - INFO - graphrag.logger.progress - Summarize entity/relationship description progress: 119/503
2025-08-07 05:31:41.0538 - INFO - graphrag.logger.progress - Summarize entity/relationship description progress: 120/503
2025-08-07 05:31:41.0538 - INFO - graphrag.logger.progress - Summarize entity/relationship description progress: 121/503
2025-08-07 05:31:41.0539 - INFO - graphrag.logger.progress - Summarize entity/relationship description progress: 122/503
2025-08-07 05:31:41.0540 - INFO - graphrag.logger.progress - Summarize entity/relationship description progress: 123/503
2025-08-07 05:31:41.0541 - INFO - graphrag.logger.progress - Summarize entity/relationship description progress: 124/503
2025-08-07 05:31:41.0542 - INFO - graphrag.logger.progress - Summarize entity/relationship description progress: 125/503
2025-08-07 05:31:41.0543 - INFO - graphrag.logger.progress - Summarize entity/relationship description progress: 126/503
2025-08-07 05:31:41.0543 - INFO - graphrag.logger.progress - Summarize entity/relationship description progress: 127/503
2025-08-07 05:31:41.0544 - INFO - graphrag.logger.progress - Summarize entity/relationship description progress: 128/503
2025-08-07 05:31:41.0545 - INFO - graphrag.logger.progress - Summarize entity/relationship description progress: 129/503
2025-08-07 05:31:41.0546 - INFO - graphrag.logger.progress - Summarize entity/relationship description progress: 130/503
2025-08-07 05:31:41.0546 - INFO - graphrag.logger.progress - Summarize entity/relationship description progress: 131/503
2025-08-07 05:31:41.0547 - INFO - graphrag.logger.progress - Summarize entity/relationship description progress: 132/503
2025-08-07 05:31:41.0548 - INFO - graphrag.logger.progress - Summarize entity/relationship description progress: 133/503
2025-08-07 05:31:41.0549 - INFO - graphrag.logger.progress - Summarize entity/relationship description progress: 134/503
2025-08-07 05:31:41.0549 - INFO - graphrag.logger.progress - Summarize entity/relationship description progress: 135/503
2025-08-07 05:31:41.0550 - INFO - graphrag.logger.progress - Summarize entity/relationship description progress: 136/503
2025-08-07 05:31:41.0551 - INFO - graphrag.logger.progress - Summarize entity/relationship description progress: 137/503
2025-08-07 05:31:41.0552 - INFO - graphrag.logger.progress - Summarize entity/relationship description progress: 138/503
2025-08-07 05:31:41.0553 - INFO - graphrag.logger.progress - Summarize entity/relationship description progress: 139/503
2025-08-07 05:31:41.0553 - INFO - graphrag.logger.progress - Summarize entity/relationship description progress: 140/503
2025-08-07 05:31:41.0554 - INFO - graphrag.logger.progress - Summarize entity/relationship description progress: 141/503
2025-08-07 05:31:41.0555 - INFO - graphrag.logger.progress - Summarize entity/relationship description progress: 142/503
2025-08-07 05:31:41.0556 - INFO - graphrag.logger.progress - Summarize entity/relationship description progress: 143/503
2025-08-07 05:31:41.0556 - INFO - graphrag.logger.progress - Summarize entity/relationship description progress: 144/503
2025-08-07 05:31:41.0557 - INFO - graphrag.logger.progress - Summarize entity/relationship description progress: 145/503
2025-08-07 05:31:41.0558 - INFO - graphrag.logger.progress - Summarize entity/relationship description progress: 146/503
2025-08-07 05:31:41.0558 - INFO - graphrag.logger.progress - Summarize entity/relationship description progress: 147/503
2025-08-07 05:31:41.0559 - INFO - graphrag.logger.progress - Summarize entity/relationship description progress: 148/503
2025-08-07 05:31:41.0559 - INFO - graphrag.logger.progress - Summarize entity/relationship description progress: 149/503
2025-08-07 05:31:41.0560 - INFO - graphrag.logger.progress - Summarize entity/relationship description progress: 150/503
2025-08-07 05:31:41.0561 - INFO - graphrag.logger.progress - Summarize entity/relationship description progress: 151/503
2025-08-07 05:31:41.0562 - INFO - graphrag.logger.progress - Summarize entity/relationship description progress: 152/503
2025-08-07 05:31:41.0562 - INFO - graphrag.logger.progress - Summarize entity/relationship description progress: 153/503
2025-08-07 05:31:41.0563 - INFO - graphrag.logger.progress - Summarize entity/relationship description progress: 154/503
2025-08-07 05:31:41.0564 - INFO - graphrag.logger.progress - Summarize entity/relationship description progress: 155/503
2025-08-07 05:31:41.0565 - INFO - graphrag.logger.progress - Summarize entity/relationship description progress: 156/503
2025-08-07 05:31:41.0565 - INFO - graphrag.logger.progress - Summarize entity/relationship description progress: 157/503
2025-08-07 05:31:41.0566 - INFO - graphrag.logger.progress - Summarize entity/relationship description progress: 158/503
2025-08-07 05:31:41.0567 - INFO - graphrag.logger.progress - Summarize entity/relationship description progress: 159/503
2025-08-07 05:31:41.0568 - INFO - graphrag.logger.progress - Summarize entity/relationship description progress: 160/503
2025-08-07 05:31:41.0568 - INFO - graphrag.logger.progress - Summarize entity/relationship description progress: 161/503
2025-08-07 05:31:41.0569 - INFO - graphrag.logger.progress - Summarize entity/relationship description progress: 162/503
2025-08-07 05:31:41.0570 - INFO - graphrag.logger.progress - Summarize entity/relationship description progress: 163/503
2025-08-07 05:31:41.0571 - INFO - graphrag.logger.progress - Summarize entity/relationship description progress: 164/503
2025-08-07 05:31:41.0571 - INFO - graphrag.logger.progress - Summarize entity/relationship description progress: 165/503
2025-08-07 05:31:41.0572 - INFO - graphrag.logger.progress - Summarize entity/relationship description progress: 166/503
2025-08-07 05:31:41.0573 - INFO - graphrag.logger.progress - Summarize entity/relationship description progress: 167/503
2025-08-07 05:31:41.0574 - INFO - graphrag.logger.progress - Summarize entity/relationship description progress: 168/503
2025-08-07 05:31:41.0575 - INFO - graphrag.logger.progress - Summarize entity/relationship description progress: 169/503
2025-08-07 05:31:41.0575 - INFO - graphrag.logger.progress - Summarize entity/relationship description progress: 170/503
2025-08-07 05:31:41.0576 - INFO - graphrag.logger.progress - Summarize entity/relationship description progress: 171/503
2025-08-07 05:31:41.0576 - INFO - graphrag.logger.progress - Summarize entity/relationship description progress: 172/503
2025-08-07 05:31:41.0577 - INFO - graphrag.logger.progress - Summarize entity/relationship description progress: 173/503
2025-08-07 05:31:41.0578 - INFO - graphrag.logger.progress - Summarize entity/relationship description progress: 174/503
2025-08-07 05:31:41.0579 - INFO - graphrag.logger.progress - Summarize entity/relationship description progress: 175/503
2025-08-07 05:31:41.0579 - INFO - graphrag.logger.progress - Summarize entity/relationship description progress: 176/503
2025-08-07 05:31:41.0580 - INFO - graphrag.logger.progress - Summarize entity/relationship description progress: 177/503
2025-08-07 05:31:41.0581 - INFO - graphrag.logger.progress - Summarize entity/relationship description progress: 178/503
2025-08-07 05:31:41.0581 - INFO - graphrag.logger.progress - Summarize entity/relationship description progress: 179/503
2025-08-07 05:31:41.0582 - INFO - graphrag.logger.progress - Summarize entity/relationship description progress: 180/503
2025-08-07 05:33:41.0556 - INFO - graphrag.logger.progress - Summarize entity/relationship description progress: 181/503
2025-08-07 05:33:41.0557 - INFO - graphrag.logger.progress - Summarize entity/relationship description progress: 182/503
2025-08-07 05:33:41.0557 - INFO - graphrag.logger.progress - Summarize entity/relationship description progress: 183/503
2025-08-07 05:33:41.0558 - INFO - graphrag.logger.progress - Summarize entity/relationship description progress: 184/503
2025-08-07 05:33:41.0559 - INFO - graphrag.logger.progress - Summarize entity/relationship description progress: 185/503
2025-08-07 05:33:41.0560 - INFO - graphrag.logger.progress - Summarize entity/relationship description progress: 186/503
2025-08-07 05:33:41.0560 - INFO - graphrag.logger.progress - Summarize entity/relationship description progress: 187/503
2025-08-07 05:33:41.0561 - INFO - graphrag.logger.progress - Summarize entity/relationship description progress: 188/503
2025-08-07 05:33:41.0562 - INFO - graphrag.logger.progress - Summarize entity/relationship description progress: 189/503
2025-08-07 05:33:41.0563 - INFO - graphrag.logger.progress - Summarize entity/relationship description progress: 190/503
2025-08-07 05:33:41.0563 - INFO - graphrag.logger.progress - Summarize entity/relationship description progress: 191/503
2025-08-07 05:33:41.0564 - INFO - graphrag.logger.progress - Summarize entity/relationship description progress: 192/503
2025-08-07 05:33:41.0565 - INFO - graphrag.logger.progress - Summarize entity/relationship description progress: 193/503
2025-08-07 05:33:41.0565 - INFO - graphrag.logger.progress - Summarize entity/relationship description progress: 194/503
2025-08-07 05:33:41.0566 - INFO - graphrag.logger.progress - Summarize entity/relationship description progress: 195/503
2025-08-07 05:33:41.0567 - INFO - graphrag.logger.progress - Summarize entity/relationship description progress: 196/503
2025-08-07 05:33:41.0567 - INFO - graphrag.logger.progress - Summarize entity/relationship description progress: 197/503
2025-08-07 05:33:41.0568 - INFO - graphrag.logger.progress - Summarize entity/relationship description progress: 198/503
2025-08-07 05:33:41.0569 - INFO - graphrag.logger.progress - Summarize entity/relationship description progress: 199/503
2025-08-07 05:33:41.0570 - INFO - graphrag.logger.progress - Summarize entity/relationship description progress: 200/503
2025-08-07 05:33:41.0570 - INFO - graphrag.logger.progress - Summarize entity/relationship description progress: 201/503
2025-08-07 05:35:41.0573 - INFO - graphrag.logger.progress - Summarize entity/relationship description progress: 202/503
2025-08-07 05:37:41.0605 - INFO - graphrag.logger.progress - Summarize entity/relationship description progress: 203/503
2025-08-07 05:39:41.0636 - INFO - graphrag.logger.progress - Summarize entity/relationship description progress: 204/503
2025-08-07 05:41:41.0651 - INFO - graphrag.logger.progress - Summarize entity/relationship description progress: 205/503
2025-08-07 05:41:41.0652 - INFO - graphrag.logger.progress - Summarize entity/relationship description progress: 206/503
2025-08-07 05:41:41.0653 - INFO - graphrag.logger.progress - Summarize entity/relationship description progress: 207/503
2025-08-07 05:41:41.0654 - INFO - graphrag.logger.progress - Summarize entity/relationship description progress: 208/503
2025-08-07 05:41:41.0654 - INFO - graphrag.logger.progress - Summarize entity/relationship description progress: 209/503
2025-08-07 05:41:41.0655 - INFO - graphrag.logger.progress - Summarize entity/relationship description progress: 210/503
2025-08-07 05:41:41.0656 - INFO - graphrag.logger.progress - Summarize entity/relationship description progress: 211/503
2025-08-07 05:41:41.0657 - INFO - graphrag.logger.progress - Summarize entity/relationship description progress: 212/503
2025-08-07 05:41:41.0657 - INFO - graphrag.logger.progress - Summarize entity/relationship description progress: 213/503
2025-08-07 05:41:41.0658 - INFO - graphrag.logger.progress - Summarize entity/relationship description progress: 214/503
2025-08-07 05:41:41.0659 - INFO - graphrag.logger.progress - Summarize entity/relationship description progress: 215/503
2025-08-07 05:41:41.0659 - INFO - graphrag.logger.progress - Summarize entity/relationship description progress: 216/503
2025-08-07 05:41:41.0660 - INFO - graphrag.logger.progress - Summarize entity/relationship description progress: 217/503
2025-08-07 05:41:41.0661 - INFO - graphrag.logger.progress - Summarize entity/relationship description progress: 218/503
2025-08-07 05:41:41.0662 - INFO - graphrag.logger.progress - Summarize entity/relationship description progress: 219/503
2025-08-07 05:41:41.0663 - INFO - graphrag.logger.progress - Summarize entity/relationship description progress: 220/503
2025-08-07 05:43:41.0686 - INFO - graphrag.logger.progress - Summarize entity/relationship description progress: 221/503
2025-08-07 05:45:41.0704 - INFO - graphrag.logger.progress - Summarize entity/relationship description progress: 222/503
2025-08-07 05:45:41.0705 - INFO - graphrag.logger.progress - Summarize entity/relationship description progress: 223/503
2025-08-07 05:45:41.0706 - INFO - graphrag.logger.progress - Summarize entity/relationship description progress: 224/503
2025-08-07 05:45:41.0706 - INFO - graphrag.logger.progress - Summarize entity/relationship description progress: 225/503
2025-08-07 05:45:41.0707 - INFO - graphrag.logger.progress - Summarize entity/relationship description progress: 226/503
2025-08-07 05:45:41.0708 - INFO - graphrag.logger.progress - Summarize entity/relationship description progress: 227/503
2025-08-07 05:45:41.0709 - INFO - graphrag.logger.progress - Summarize entity/relationship description progress: 228/503
2025-08-07 05:45:41.0710 - INFO - graphrag.logger.progress - Summarize entity/relationship description progress: 229/503
2025-08-07 05:45:41.0710 - INFO - graphrag.logger.progress - Summarize entity/relationship description progress: 230/503
2025-08-07 05:45:41.0711 - INFO - graphrag.logger.progress - Summarize entity/relationship description progress: 231/503
2025-08-07 05:45:41.0712 - INFO - graphrag.logger.progress - Summarize entity/relationship description progress: 232/503
2025-08-07 05:45:41.0713 - INFO - graphrag.logger.progress - Summarize entity/relationship description progress: 233/503
2025-08-07 05:45:41.0713 - INFO - graphrag.logger.progress - Summarize entity/relationship description progress: 234/503
2025-08-07 05:45:41.0714 - INFO - graphrag.logger.progress - Summarize entity/relationship description progress: 235/503
2025-08-07 05:45:41.0715 - INFO - graphrag.logger.progress - Summarize entity/relationship description progress: 236/503
2025-08-07 05:45:41.0716 - INFO - graphrag.logger.progress - Summarize entity/relationship description progress: 237/503
2025-08-07 05:47:41.0724 - INFO - graphrag.logger.progress - Summarize entity/relationship description progress: 238/503
2025-08-07 05:47:41.0725 - INFO - graphrag.logger.progress - Summarize entity/relationship description progress: 239/503
2025-08-07 05:47:41.0726 - INFO - graphrag.logger.progress - Summarize entity/relationship description progress: 240/503
2025-08-07 05:47:41.0727 - INFO - graphrag.logger.progress - Summarize entity/relationship description progress: 241/503
2025-08-07 05:47:41.0727 - INFO - graphrag.logger.progress - Summarize entity/relationship description progress: 242/503
2025-08-07 05:47:41.0728 - INFO - graphrag.logger.progress - Summarize entity/relationship description progress: 243/503
2025-08-07 05:47:41.0729 - INFO - graphrag.logger.progress - Summarize entity/relationship description progress: 244/503
2025-08-07 05:49:41.0744 - INFO - graphrag.logger.progress - Summarize entity/relationship description progress: 245/503
2025-08-07 05:49:41.0745 - INFO - graphrag.logger.progress - Summarize entity/relationship description progress: 246/503
2025-08-07 05:49:41.0745 - INFO - graphrag.logger.progress - Summarize entity/relationship description progress: 247/503
2025-08-07 05:49:41.0746 - INFO - graphrag.logger.progress - Summarize entity/relationship description progress: 248/503
2025-08-07 05:49:41.0747 - INFO - graphrag.logger.progress - Summarize entity/relationship description progress: 249/503
2025-08-07 05:49:41.0748 - INFO - graphrag.logger.progress - Summarize entity/relationship description progress: 250/503
2025-08-07 05:49:41.0749 - INFO - graphrag.logger.progress - Summarize entity/relationship description progress: 251/503
2025-08-07 05:49:41.0749 - INFO - graphrag.logger.progress - Summarize entity/relationship description progress: 252/503
2025-08-07 05:49:41.0750 - INFO - graphrag.logger.progress - Summarize entity/relationship description progress: 253/503
2025-08-07 05:49:41.0751 - INFO - graphrag.logger.progress - Summarize entity/relationship description progress: 254/503
2025-08-07 05:49:41.0751 - INFO - graphrag.logger.progress - Summarize entity/relationship description progress: 255/503
2025-08-07 05:49:41.0752 - INFO - graphrag.logger.progress - Summarize entity/relationship description progress: 256/503
2025-08-07 05:49:41.0753 - INFO - graphrag.logger.progress - Summarize entity/relationship description progress: 257/503
2025-08-07 05:49:41.0754 - INFO - graphrag.logger.progress - Summarize entity/relationship description progress: 258/503
2025-08-07 05:49:41.0754 - INFO - graphrag.logger.progress - Summarize entity/relationship description progress: 259/503
2025-08-07 05:49:41.0755 - INFO - graphrag.logger.progress - Summarize entity/relationship description progress: 260/503
2025-08-07 05:49:41.0755 - INFO - graphrag.logger.progress - Summarize entity/relationship description progress: 261/503
2025-08-07 05:49:41.0756 - INFO - graphrag.logger.progress - Summarize entity/relationship description progress: 262/503
2025-08-07 05:49:41.0757 - INFO - graphrag.logger.progress - Summarize entity/relationship description progress: 263/503
2025-08-07 05:49:41.0758 - INFO - graphrag.logger.progress - Summarize entity/relationship description progress: 264/503
2025-08-07 05:49:41.0758 - INFO - graphrag.logger.progress - Summarize entity/relationship description progress: 265/503
2025-08-07 05:49:41.0759 - INFO - graphrag.logger.progress - Summarize entity/relationship description progress: 266/503
2025-08-07 05:51:41.0761 - INFO - graphrag.logger.progress - Summarize entity/relationship description progress: 267/503
2025-08-07 05:51:41.0762 - INFO - graphrag.logger.progress - Summarize entity/relationship description progress: 268/503
2025-08-07 05:51:41.0763 - INFO - graphrag.logger.progress - Summarize entity/relationship description progress: 269/503
2025-08-07 05:51:41.0764 - INFO - graphrag.logger.progress - Summarize entity/relationship description progress: 270/503
2025-08-07 05:51:41.0765 - INFO - graphrag.logger.progress - Summarize entity/relationship description progress: 271/503
2025-08-07 05:51:41.0766 - INFO - graphrag.logger.progress - Summarize entity/relationship description progress: 272/503
2025-08-07 05:51:41.0767 - INFO - graphrag.logger.progress - Summarize entity/relationship description progress: 273/503
2025-08-07 05:51:41.0768 - INFO - graphrag.logger.progress - Summarize entity/relationship description progress: 274/503
2025-08-07 05:51:41.0768 - INFO - graphrag.logger.progress - Summarize entity/relationship description progress: 275/503
2025-08-07 05:51:41.0769 - INFO - graphrag.logger.progress - Summarize entity/relationship description progress: 276/503
2025-08-07 05:51:41.0769 - INFO - graphrag.logger.progress - Summarize entity/relationship description progress: 277/503
2025-08-07 05:51:41.0770 - INFO - graphrag.logger.progress - Summarize entity/relationship description progress: 278/503
2025-08-07 05:51:41.0771 - INFO - graphrag.logger.progress - Summarize entity/relationship description progress: 279/503
2025-08-07 05:51:41.0772 - INFO - graphrag.logger.progress - Summarize entity/relationship description progress: 280/503
2025-08-07 05:51:41.0772 - INFO - graphrag.logger.progress - Summarize entity/relationship description progress: 281/503
2025-08-07 05:51:41.0773 - INFO - graphrag.logger.progress - Summarize entity/relationship description progress: 282/503
2025-08-07 05:51:41.0774 - INFO - graphrag.logger.progress - Summarize entity/relationship description progress: 283/503
2025-08-07 05:51:41.0774 - INFO - graphrag.logger.progress - Summarize entity/relationship description progress: 284/503
2025-08-07 05:51:41.0775 - INFO - graphrag.logger.progress - Summarize entity/relationship description progress: 285/503
2025-08-07 05:51:41.0776 - INFO - graphrag.logger.progress - Summarize entity/relationship description progress: 286/503
2025-08-07 05:51:41.0777 - INFO - graphrag.logger.progress - Summarize entity/relationship description progress: 287/503
2025-08-07 05:51:41.0777 - INFO - graphrag.logger.progress - Summarize entity/relationship description progress: 288/503
2025-08-07 05:51:41.0778 - INFO - graphrag.logger.progress - Summarize entity/relationship description progress: 289/503
2025-08-07 05:51:41.0779 - INFO - graphrag.logger.progress - Summarize entity/relationship description progress: 290/503
2025-08-07 05:51:41.0779 - INFO - graphrag.logger.progress - Summarize entity/relationship description progress: 291/503
2025-08-07 05:51:41.0780 - INFO - graphrag.logger.progress - Summarize entity/relationship description progress: 292/503
2025-08-07 05:51:41.0781 - INFO - graphrag.logger.progress - Summarize entity/relationship description progress: 293/503
2025-08-07 05:51:41.0782 - INFO - graphrag.logger.progress - Summarize entity/relationship description progress: 294/503
2025-08-07 05:51:41.0782 - INFO - graphrag.logger.progress - Summarize entity/relationship description progress: 295/503
2025-08-07 05:51:41.0783 - INFO - graphrag.logger.progress - Summarize entity/relationship description progress: 296/503
2025-08-07 05:51:41.0784 - INFO - graphrag.logger.progress - Summarize entity/relationship description progress: 297/503
2025-08-07 05:51:41.0784 - INFO - graphrag.logger.progress - Summarize entity/relationship description progress: 298/503
2025-08-07 05:51:41.0785 - INFO - graphrag.logger.progress - Summarize entity/relationship description progress: 299/503
2025-08-07 05:51:41.0786 - INFO - graphrag.logger.progress - Summarize entity/relationship description progress: 300/503
2025-08-07 05:51:41.0787 - INFO - graphrag.logger.progress - Summarize entity/relationship description progress: 301/503
2025-08-07 05:51:41.0787 - INFO - graphrag.logger.progress - Summarize entity/relationship description progress: 302/503
2025-08-07 05:51:41.0788 - INFO - graphrag.logger.progress - Summarize entity/relationship description progress: 303/503
2025-08-07 05:51:41.0788 - INFO - graphrag.logger.progress - Summarize entity/relationship description progress: 304/503
2025-08-07 05:51:41.0789 - INFO - graphrag.logger.progress - Summarize entity/relationship description progress: 305/503
2025-08-07 05:51:41.0790 - INFO - graphrag.logger.progress - Summarize entity/relationship description progress: 306/503
2025-08-07 05:51:41.0790 - INFO - graphrag.logger.progress - Summarize entity/relationship description progress: 307/503
2025-08-07 05:51:41.0791 - INFO - graphrag.logger.progress - Summarize entity/relationship description progress: 308/503
2025-08-07 05:51:41.0792 - INFO - graphrag.logger.progress - Summarize entity/relationship description progress: 309/503
2025-08-07 05:51:41.0792 - INFO - graphrag.logger.progress - Summarize entity/relationship description progress: 310/503
2025-08-07 05:51:41.0793 - INFO - graphrag.logger.progress - Summarize entity/relationship description progress: 311/503
2025-08-07 05:51:41.0794 - INFO - graphrag.logger.progress - Summarize entity/relationship description progress: 312/503
2025-08-07 05:51:41.0795 - INFO - graphrag.logger.progress - Summarize entity/relationship description progress: 313/503
2025-08-07 05:51:41.0795 - INFO - graphrag.logger.progress - Summarize entity/relationship description progress: 314/503
2025-08-07 05:51:41.0796 - INFO - graphrag.logger.progress - Summarize entity/relationship description progress: 315/503
2025-08-07 05:51:41.0802 - INFO - graphrag.logger.progress - Summarize entity/relationship description progress: 316/503
2025-08-07 05:51:41.0802 - INFO - graphrag.logger.progress - Summarize entity/relationship description progress: 317/503
2025-08-07 05:53:41.0777 - INFO - graphrag.logger.progress - Summarize entity/relationship description progress: 318/503
2025-08-07 05:53:41.0778 - INFO - graphrag.logger.progress - Summarize entity/relationship description progress: 319/503
2025-08-07 05:53:41.0779 - INFO - graphrag.logger.progress - Summarize entity/relationship description progress: 320/503
2025-08-07 05:53:41.0780 - INFO - graphrag.logger.progress - Summarize entity/relationship description progress: 321/503
2025-08-07 05:53:41.0781 - INFO - graphrag.logger.progress - Summarize entity/relationship description progress: 322/503
2025-08-07 05:53:41.0782 - INFO - graphrag.logger.progress - Summarize entity/relationship description progress: 323/503
2025-08-07 05:53:41.0782 - INFO - graphrag.logger.progress - Summarize entity/relationship description progress: 324/503
2025-08-07 05:53:41.0783 - INFO - graphrag.logger.progress - Summarize entity/relationship description progress: 325/503
2025-08-07 05:53:41.0784 - INFO - graphrag.logger.progress - Summarize entity/relationship description progress: 326/503
2025-08-07 05:55:41.0785 - INFO - graphrag.logger.progress - Summarize entity/relationship description progress: 327/503
2025-08-07 05:55:41.0786 - INFO - graphrag.logger.progress - Summarize entity/relationship description progress: 328/503
2025-08-07 05:55:41.0787 - INFO - graphrag.logger.progress - Summarize entity/relationship description progress: 329/503
2025-08-07 05:55:41.0787 - INFO - graphrag.logger.progress - Summarize entity/relationship description progress: 330/503
2025-08-07 05:55:41.0788 - INFO - graphrag.logger.progress - Summarize entity/relationship description progress: 331/503
2025-08-07 05:55:41.0789 - INFO - graphrag.logger.progress - Summarize entity/relationship description progress: 332/503
2025-08-07 05:55:41.0789 - INFO - graphrag.logger.progress - Summarize entity/relationship description progress: 333/503
2025-08-07 05:55:41.0790 - INFO - graphrag.logger.progress - Summarize entity/relationship description progress: 334/503
2025-08-07 05:55:41.0791 - INFO - graphrag.logger.progress - Summarize entity/relationship description progress: 335/503
2025-08-07 05:55:41.0793 - INFO - graphrag.logger.progress - Summarize entity/relationship description progress: 336/503
2025-08-07 05:55:41.0793 - INFO - graphrag.logger.progress - Summarize entity/relationship description progress: 337/503
2025-08-07 05:55:41.0794 - INFO - graphrag.logger.progress - Summarize entity/relationship description progress: 338/503
2025-08-07 05:55:41.0794 - INFO - graphrag.logger.progress - Summarize entity/relationship description progress: 339/503
2025-08-07 05:55:41.0795 - INFO - graphrag.logger.progress - Summarize entity/relationship description progress: 340/503
2025-08-07 05:55:41.0795 - INFO - graphrag.logger.progress - Summarize entity/relationship description progress: 341/503
2025-08-07 05:55:41.0795 - INFO - graphrag.logger.progress - Summarize entity/relationship description progress: 342/503
2025-08-07 05:55:41.0797 - INFO - graphrag.logger.progress - Summarize entity/relationship description progress: 343/503
2025-08-07 05:55:41.0797 - INFO - graphrag.logger.progress - Summarize entity/relationship description progress: 344/503
2025-08-07 05:55:41.0797 - INFO - graphrag.logger.progress - Summarize entity/relationship description progress: 345/503
2025-08-07 05:55:41.0797 - INFO - graphrag.logger.progress - Summarize entity/relationship description progress: 346/503
2025-08-07 05:55:41.0798 - INFO - graphrag.logger.progress - Summarize entity/relationship description progress: 347/503
2025-08-07 05:55:41.0799 - INFO - graphrag.logger.progress - Summarize entity/relationship description progress: 348/503
2025-08-07 05:57:41.0781 - INFO - graphrag.logger.progress - Summarize entity/relationship description progress: 349/503
2025-08-07 05:57:41.0782 - INFO - graphrag.logger.progress - Summarize entity/relationship description progress: 350/503
2025-08-07 05:57:41.0783 - INFO - graphrag.logger.progress - Summarize entity/relationship description progress: 351/503
2025-08-07 05:57:41.0784 - INFO - graphrag.logger.progress - Summarize entity/relationship description progress: 352/503
2025-08-07 05:57:41.0784 - INFO - graphrag.logger.progress - Summarize entity/relationship description progress: 353/503
2025-08-07 05:57:41.0785 - INFO - graphrag.logger.progress - Summarize entity/relationship description progress: 354/503
2025-08-07 05:57:41.0786 - INFO - graphrag.logger.progress - Summarize entity/relationship description progress: 355/503
2025-08-07 05:57:41.0787 - INFO - graphrag.logger.progress - Summarize entity/relationship description progress: 356/503
2025-08-07 05:57:41.0788 - INFO - graphrag.logger.progress - Summarize entity/relationship description progress: 357/503
2025-08-07 05:57:41.0789 - INFO - graphrag.logger.progress - Summarize entity/relationship description progress: 358/503
2025-08-07 05:57:41.0789 - INFO - graphrag.logger.progress - Summarize entity/relationship description progress: 359/503
2025-08-07 05:57:41.0790 - INFO - graphrag.logger.progress - Summarize entity/relationship description progress: 360/503
2025-08-07 05:57:41.0791 - INFO - graphrag.logger.progress - Summarize entity/relationship description progress: 361/503
2025-08-07 05:57:41.0792 - INFO - graphrag.logger.progress - Summarize entity/relationship description progress: 362/503
2025-08-07 05:57:41.0792 - INFO - graphrag.logger.progress - Summarize entity/relationship description progress: 363/503
2025-08-07 05:57:41.0793 - INFO - graphrag.logger.progress - Summarize entity/relationship description progress: 364/503
2025-08-07 05:59:41.0807 - INFO - graphrag.logger.progress - Summarize entity/relationship description progress: 365/503
2025-08-07 05:59:41.0808 - INFO - graphrag.logger.progress - Summarize entity/relationship description progress: 366/503
2025-08-07 05:59:41.0808 - INFO - graphrag.logger.progress - Summarize entity/relationship description progress: 367/503
2025-08-07 05:59:41.0809 - INFO - graphrag.logger.progress - Summarize entity/relationship description progress: 368/503
2025-08-07 05:59:41.0810 - INFO - graphrag.logger.progress - Summarize entity/relationship description progress: 369/503
2025-08-07 05:59:41.0811 - INFO - graphrag.logger.progress - Summarize entity/relationship description progress: 370/503
2025-08-07 05:59:41.0811 - INFO - graphrag.logger.progress - Summarize entity/relationship description progress: 371/503
2025-08-07 05:59:41.0812 - INFO - graphrag.logger.progress - Summarize entity/relationship description progress: 372/503
2025-08-07 05:59:41.0813 - INFO - graphrag.logger.progress - Summarize entity/relationship description progress: 373/503
2025-08-07 05:59:41.0814 - INFO - graphrag.logger.progress - Summarize entity/relationship description progress: 374/503
2025-08-07 05:59:41.0815 - INFO - graphrag.logger.progress - Summarize entity/relationship description progress: 375/503
2025-08-07 05:59:41.0816 - INFO - graphrag.logger.progress - Summarize entity/relationship description progress: 376/503
2025-08-07 05:59:41.0816 - INFO - graphrag.logger.progress - Summarize entity/relationship description progress: 377/503
2025-08-07 05:59:41.0817 - INFO - graphrag.logger.progress - Summarize entity/relationship description progress: 378/503
2025-08-07 05:59:41.0818 - INFO - graphrag.logger.progress - Summarize entity/relationship description progress: 379/503
2025-08-07 05:59:41.0819 - INFO - graphrag.logger.progress - Summarize entity/relationship description progress: 380/503
2025-08-07 05:59:41.0819 - INFO - graphrag.logger.progress - Summarize entity/relationship description progress: 381/503
2025-08-07 05:59:41.0820 - INFO - graphrag.logger.progress - Summarize entity/relationship description progress: 382/503
2025-08-07 05:59:41.0821 - INFO - graphrag.logger.progress - Summarize entity/relationship description progress: 383/503
2025-08-07 05:59:41.0821 - INFO - graphrag.logger.progress - Summarize entity/relationship description progress: 384/503
2025-08-07 05:59:41.0822 - INFO - graphrag.logger.progress - Summarize entity/relationship description progress: 385/503
2025-08-07 05:59:41.0823 - INFO - graphrag.logger.progress - Summarize entity/relationship description progress: 386/503
2025-08-07 05:59:41.0823 - INFO - graphrag.logger.progress - Summarize entity/relationship description progress: 387/503
2025-08-07 05:59:41.0824 - INFO - graphrag.logger.progress - Summarize entity/relationship description progress: 388/503
2025-08-07 05:59:41.0825 - INFO - graphrag.logger.progress - Summarize entity/relationship description progress: 389/503
2025-08-07 05:59:41.0826 - INFO - graphrag.logger.progress - Summarize entity/relationship description progress: 390/503
2025-08-07 05:59:41.0827 - INFO - graphrag.logger.progress - Summarize entity/relationship description progress: 391/503
2025-08-07 05:59:41.0827 - INFO - graphrag.logger.progress - Summarize entity/relationship description progress: 392/503
2025-08-07 05:59:41.0828 - INFO - graphrag.logger.progress - Summarize entity/relationship description progress: 393/503
2025-08-07 05:59:41.0829 - INFO - graphrag.logger.progress - Summarize entity/relationship description progress: 394/503
2025-08-07 05:59:41.0830 - INFO - graphrag.logger.progress - Summarize entity/relationship description progress: 395/503
2025-08-07 05:59:41.0830 - INFO - graphrag.logger.progress - Summarize entity/relationship description progress: 396/503
2025-08-07 05:59:41.0831 - INFO - graphrag.logger.progress - Summarize entity/relationship description progress: 397/503
2025-08-07 05:59:41.0832 - INFO - graphrag.logger.progress - Summarize entity/relationship description progress: 398/503
2025-08-07 05:59:41.0832 - INFO - graphrag.logger.progress - Summarize entity/relationship description progress: 399/503
2025-08-07 05:59:41.0833 - INFO - graphrag.logger.progress - Summarize entity/relationship description progress: 400/503
2025-08-07 05:59:41.0834 - INFO - graphrag.logger.progress - Summarize entity/relationship description progress: 401/503
2025-08-07 05:59:41.0834 - INFO - graphrag.logger.progress - Summarize entity/relationship description progress: 402/503
2025-08-07 05:59:41.0835 - INFO - graphrag.logger.progress - Summarize entity/relationship description progress: 403/503
2025-08-07 05:59:41.0836 - INFO - graphrag.logger.progress - Summarize entity/relationship description progress: 404/503
2025-08-07 05:59:41.0837 - INFO - graphrag.logger.progress - Summarize entity/relationship description progress: 405/503
2025-08-07 05:59:41.0838 - INFO - graphrag.logger.progress - Summarize entity/relationship description progress: 406/503
2025-08-07 05:59:41.0838 - INFO - graphrag.logger.progress - Summarize entity/relationship description progress: 407/503
2025-08-07 05:59:41.0839 - INFO - graphrag.logger.progress - Summarize entity/relationship description progress: 408/503
2025-08-07 05:59:41.0840 - INFO - graphrag.logger.progress - Summarize entity/relationship description progress: 409/503
2025-08-07 05:59:41.0841 - INFO - graphrag.logger.progress - Summarize entity/relationship description progress: 410/503
2025-08-07 05:59:41.0842 - INFO - graphrag.logger.progress - Summarize entity/relationship description progress: 411/503
2025-08-07 05:59:41.0843 - INFO - graphrag.logger.progress - Summarize entity/relationship description progress: 412/503
2025-08-07 05:59:41.0843 - INFO - graphrag.logger.progress - Summarize entity/relationship description progress: 413/503
2025-08-07 05:59:41.0844 - INFO - graphrag.logger.progress - Summarize entity/relationship description progress: 414/503
2025-08-07 05:59:41.0845 - INFO - graphrag.logger.progress - Summarize entity/relationship description progress: 415/503
2025-08-07 05:59:41.0846 - INFO - graphrag.logger.progress - Summarize entity/relationship description progress: 416/503
2025-08-07 05:59:41.0847 - INFO - graphrag.logger.progress - Summarize entity/relationship description progress: 417/503
2025-08-07 05:59:41.0847 - INFO - graphrag.logger.progress - Summarize entity/relationship description progress: 418/503
2025-08-07 05:59:41.0848 - INFO - graphrag.logger.progress - Summarize entity/relationship description progress: 419/503
2025-08-07 05:59:41.0849 - INFO - graphrag.logger.progress - Summarize entity/relationship description progress: 420/503
2025-08-07 05:59:41.0850 - INFO - graphrag.logger.progress - Summarize entity/relationship description progress: 421/503
2025-08-07 05:59:41.0850 - INFO - graphrag.logger.progress - Summarize entity/relationship description progress: 422/503
2025-08-07 05:59:41.0851 - INFO - graphrag.logger.progress - Summarize entity/relationship description progress: 423/503
2025-08-07 05:59:41.0851 - INFO - graphrag.logger.progress - Summarize entity/relationship description progress: 424/503
2025-08-07 05:59:41.0852 - INFO - graphrag.logger.progress - Summarize entity/relationship description progress: 425/503
2025-08-07 05:59:41.0853 - INFO - graphrag.logger.progress - Summarize entity/relationship description progress: 426/503
2025-08-07 05:59:41.0853 - INFO - graphrag.logger.progress - Summarize entity/relationship description progress: 427/503
2025-08-07 05:59:41.0854 - INFO - graphrag.logger.progress - Summarize entity/relationship description progress: 428/503
2025-08-07 05:59:41.0854 - INFO - graphrag.logger.progress - Summarize entity/relationship description progress: 429/503
2025-08-07 05:59:41.0855 - INFO - graphrag.logger.progress - Summarize entity/relationship description progress: 430/503
2025-08-07 05:59:41.0856 - INFO - graphrag.logger.progress - Summarize entity/relationship description progress: 431/503
2025-08-07 05:59:41.0857 - INFO - graphrag.logger.progress - Summarize entity/relationship description progress: 432/503
2025-08-07 05:59:41.0857 - INFO - graphrag.logger.progress - Summarize entity/relationship description progress: 433/503
2025-08-07 05:59:41.0858 - INFO - graphrag.logger.progress - Summarize entity/relationship description progress: 434/503
2025-08-07 05:59:41.0859 - INFO - graphrag.logger.progress - Summarize entity/relationship description progress: 435/503
2025-08-07 05:59:41.0860 - INFO - graphrag.logger.progress - Summarize entity/relationship description progress: 436/503
2025-08-07 05:59:41.0860 - INFO - graphrag.logger.progress - Summarize entity/relationship description progress: 437/503
2025-08-07 05:59:41.0861 - INFO - graphrag.logger.progress - Summarize entity/relationship description progress: 438/503
2025-08-07 05:59:41.0862 - INFO - graphrag.logger.progress - Summarize entity/relationship description progress: 439/503
2025-08-07 05:59:41.0862 - INFO - graphrag.logger.progress - Summarize entity/relationship description progress: 440/503
2025-08-07 05:59:41.0863 - INFO - graphrag.logger.progress - Summarize entity/relationship description progress: 441/503
2025-08-07 05:59:41.0864 - INFO - graphrag.logger.progress - Summarize entity/relationship description progress: 442/503
2025-08-07 05:59:41.0864 - INFO - graphrag.logger.progress - Summarize entity/relationship description progress: 443/503
2025-08-07 05:59:41.0865 - INFO - graphrag.logger.progress - Summarize entity/relationship description progress: 444/503
2025-08-07 05:59:41.0866 - INFO - graphrag.logger.progress - Summarize entity/relationship description progress: 445/503
2025-08-07 05:59:41.0866 - INFO - graphrag.logger.progress - Summarize entity/relationship description progress: 446/503
2025-08-07 05:59:41.0867 - INFO - graphrag.logger.progress - Summarize entity/relationship description progress: 447/503
2025-08-07 05:59:41.0868 - INFO - graphrag.logger.progress - Summarize entity/relationship description progress: 448/503
2025-08-07 05:59:41.0869 - INFO - graphrag.logger.progress - Summarize entity/relationship description progress: 449/503
2025-08-07 05:59:41.0870 - INFO - graphrag.logger.progress - Summarize entity/relationship description progress: 450/503
2025-08-07 05:59:41.0870 - INFO - graphrag.logger.progress - Summarize entity/relationship description progress: 451/503
2025-08-07 05:59:41.0871 - INFO - graphrag.logger.progress - Summarize entity/relationship description progress: 452/503
2025-08-07 05:59:41.0872 - INFO - graphrag.logger.progress - Summarize entity/relationship description progress: 453/503
2025-08-07 05:59:41.0873 - INFO - graphrag.logger.progress - Summarize entity/relationship description progress: 454/503
2025-08-07 05:59:41.0873 - INFO - graphrag.logger.progress - Summarize entity/relationship description progress: 455/503
2025-08-07 05:59:41.0874 - INFO - graphrag.logger.progress - Summarize entity/relationship description progress: 456/503
2025-08-07 05:59:41.0874 - INFO - graphrag.logger.progress - Summarize entity/relationship description progress: 457/503
2025-08-07 05:59:41.0875 - INFO - graphrag.logger.progress - Summarize entity/relationship description progress: 458/503
2025-08-07 05:59:41.0876 - INFO - graphrag.logger.progress - Summarize entity/relationship description progress: 459/503
2025-08-07 05:59:41.0876 - INFO - graphrag.logger.progress - Summarize entity/relationship description progress: 460/503
2025-08-07 05:59:41.0877 - INFO - graphrag.logger.progress - Summarize entity/relationship description progress: 461/503
2025-08-07 05:59:41.0878 - INFO - graphrag.logger.progress - Summarize entity/relationship description progress: 462/503
2025-08-07 05:59:41.0878 - INFO - graphrag.logger.progress - Summarize entity/relationship description progress: 463/503
2025-08-07 05:59:41.0879 - INFO - graphrag.logger.progress - Summarize entity/relationship description progress: 464/503
2025-08-07 05:59:41.0880 - INFO - graphrag.logger.progress - Summarize entity/relationship description progress: 465/503
2025-08-07 05:59:41.0880 - INFO - graphrag.logger.progress - Summarize entity/relationship description progress: 466/503
2025-08-07 05:59:41.0881 - INFO - graphrag.logger.progress - Summarize entity/relationship description progress: 467/503
2025-08-07 05:59:41.0882 - INFO - graphrag.logger.progress - Summarize entity/relationship description progress: 468/503
2025-08-07 05:59:41.0883 - INFO - graphrag.logger.progress - Summarize entity/relationship description progress: 469/503
2025-08-07 05:59:41.0884 - INFO - graphrag.logger.progress - Summarize entity/relationship description progress: 470/503
2025-08-07 05:59:41.0885 - INFO - graphrag.logger.progress - Summarize entity/relationship description progress: 471/503
2025-08-07 05:59:41.0886 - INFO - graphrag.logger.progress - Summarize entity/relationship description progress: 472/503
2025-08-07 05:59:41.0886 - INFO - graphrag.logger.progress - Summarize entity/relationship description progress: 473/503
2025-08-07 05:59:41.0887 - INFO - graphrag.logger.progress - Summarize entity/relationship description progress: 474/503
2025-08-07 05:59:41.0888 - INFO - graphrag.logger.progress - Summarize entity/relationship description progress: 475/503
2025-08-07 05:59:41.0888 - INFO - graphrag.logger.progress - Summarize entity/relationship description progress: 476/503
2025-08-07 05:59:41.0889 - INFO - graphrag.logger.progress - Summarize entity/relationship description progress: 477/503
2025-08-07 05:59:41.0890 - INFO - graphrag.logger.progress - Summarize entity/relationship description progress: 478/503
2025-08-07 05:59:41.0891 - INFO - graphrag.logger.progress - Summarize entity/relationship description progress: 479/503
2025-08-07 05:59:41.0891 - INFO - graphrag.logger.progress - Summarize entity/relationship description progress: 480/503
2025-08-07 05:59:41.0892 - INFO - graphrag.logger.progress - Summarize entity/relationship description progress: 481/503
2025-08-07 05:59:41.0893 - INFO - graphrag.logger.progress - Summarize entity/relationship description progress: 482/503
2025-08-07 05:59:41.0894 - INFO - graphrag.logger.progress - Summarize entity/relationship description progress: 483/503
2025-08-07 05:59:41.0894 - INFO - graphrag.logger.progress - Summarize entity/relationship description progress: 484/503
2025-08-07 05:59:41.0895 - INFO - graphrag.logger.progress - Summarize entity/relationship description progress: 485/503
2025-08-07 05:59:41.0896 - INFO - graphrag.logger.progress - Summarize entity/relationship description progress: 486/503
2025-08-07 05:59:41.0897 - INFO - graphrag.logger.progress - Summarize entity/relationship description progress: 487/503
2025-08-07 05:59:41.0897 - INFO - graphrag.logger.progress - Summarize entity/relationship description progress: 488/503
2025-08-07 05:59:41.0898 - INFO - graphrag.logger.progress - Summarize entity/relationship description progress: 489/503
2025-08-07 05:59:41.0898 - INFO - graphrag.logger.progress - Summarize entity/relationship description progress: 490/503
2025-08-07 05:59:41.0899 - INFO - graphrag.logger.progress - Summarize entity/relationship description progress: 491/503
2025-08-07 05:59:41.0900 - INFO - graphrag.logger.progress - Summarize entity/relationship description progress: 492/503
2025-08-07 05:59:41.0900 - INFO - graphrag.logger.progress - Summarize entity/relationship description progress: 493/503
2025-08-07 05:59:41.0900 - INFO - graphrag.logger.progress - Summarize entity/relationship description progress: 494/503
2025-08-07 05:59:41.0901 - INFO - graphrag.logger.progress - Summarize entity/relationship description progress: 495/503
2025-08-07 05:59:41.0902 - INFO - graphrag.logger.progress - Summarize entity/relationship description progress: 496/503
2025-08-07 05:59:41.0903 - INFO - graphrag.logger.progress - Summarize entity/relationship description progress: 497/503
2025-08-07 05:59:41.0903 - INFO - graphrag.logger.progress - Summarize entity/relationship description progress: 498/503
2025-08-07 05:59:41.0904 - INFO - graphrag.logger.progress - Summarize entity/relationship description progress: 499/503
2025-08-07 05:59:41.0905 - INFO - graphrag.logger.progress - Summarize entity/relationship description progress: 500/503
2025-08-07 05:59:41.0905 - INFO - graphrag.logger.progress - Summarize entity/relationship description progress: 501/503
2025-08-07 05:59:41.0906 - INFO - graphrag.logger.progress - Summarize entity/relationship description progress: 502/503
2025-08-07 05:59:41.0907 - INFO - graphrag.logger.progress - Summarize entity/relationship description progress: 503/503
2025-08-07 05:59:41.0958 - INFO - graphrag.index.workflows.extract_graph - Workflow completed: extract_graph
2025-08-07 05:59:41.0959 - INFO - graphrag.api.index - Workflow extract_graph completed successfully
2025-08-07 05:59:42.0004 - INFO - graphrag.index.workflows.finalize_graph - Workflow started: finalize_graph
2025-08-07 05:59:42.0006 - INFO - graphrag.utils.storage - reading table from storage: entities.parquet
2025-08-07 05:59:42.0040 - INFO - graphrag.utils.storage - reading table from storage: relationships.parquet
2025-08-07 05:59:42.0107 - INFO - graphrag.index.workflows.finalize_graph - Workflow completed: finalize_graph
2025-08-07 05:59:42.0108 - INFO - graphrag.api.index - Workflow finalize_graph completed successfully
2025-08-07 05:59:42.0123 - INFO - graphrag.index.workflows.extract_covariates - Workflow started: extract_covariates
2025-08-07 05:59:42.0123 - INFO - graphrag.index.workflows.extract_covariates - Workflow completed: extract_covariates
2025-08-07 05:59:42.0124 - INFO - graphrag.api.index - Workflow extract_covariates completed successfully
2025-08-07 05:59:42.0125 - INFO - graphrag.index.workflows.create_communities - Workflow started: create_communities
2025-08-07 05:59:42.0126 - INFO - graphrag.utils.storage - reading table from storage: entities.parquet
2025-08-07 05:59:42.0151 - INFO - graphrag.utils.storage - reading table from storage: relationships.parquet
2025-08-07 05:59:42.0244 - INFO - graphrag.index.workflows.create_communities - Workflow completed: create_communities
2025-08-07 05:59:42.0245 - INFO - graphrag.api.index - Workflow create_communities completed successfully
2025-08-07 05:59:42.0269 - INFO - graphrag.index.workflows.create_final_text_units - Workflow started: create_final_text_units
2025-08-07 05:59:42.0271 - INFO - graphrag.utils.storage - reading table from storage: text_units.parquet
2025-08-07 05:59:42.0298 - INFO - graphrag.utils.storage - reading table from storage: entities.parquet
2025-08-07 05:59:42.0309 - INFO - graphrag.utils.storage - reading table from storage: relationships.parquet
2025-08-07 05:59:42.0355 - INFO - graphrag.index.workflows.create_final_text_units - Workflow completed: create_final_text_units
2025-08-07 05:59:42.0356 - INFO - graphrag.api.index - Workflow create_final_text_units completed successfully
2025-08-07 05:59:42.0373 - INFO - graphrag.index.workflows.create_community_reports - Workflow started: create_community_reports
2025-08-07 05:59:42.0375 - INFO - graphrag.utils.storage - reading table from storage: relationships.parquet
2025-08-07 05:59:42.0382 - INFO - graphrag.utils.storage - reading table from storage: entities.parquet
2025-08-07 05:59:42.0391 - INFO - graphrag.utils.storage - reading table from storage: communities.parquet
2025-08-07 05:59:42.0464 - INFO - graphrag.index.operations.summarize_communities.graph_context.context_builder - Number of nodes at level=1 => 55
2025-08-07 05:59:42.0555 - INFO - graphrag.index.operations.summarize_communities.graph_context.context_builder - Number of nodes at level=0 => 91
2025-08-07 06:01:57.0723 - INFO - graphrag.logger.progress - level 1 summarize communities progress: 1/11
2025-08-07 06:04:17.0657 - INFO - graphrag.logger.progress - level 1 summarize communities progress: 2/11
2025-08-07 06:08:24.0009 - INFO - graphrag.logger.progress - level 1 summarize communities progress: 3/11
2025-08-07 06:11:58.0140 - INFO - graphrag.logger.progress - level 1 summarize communities progress: 4/11
2025-08-07 06:14:12.0357 - INFO - graphrag.logger.progress - level 1 summarize communities progress: 5/11
2025-08-07 06:16:25.0006 - INFO - graphrag.logger.progress - level 1 summarize communities progress: 6/11
2025-08-07 06:19:30.0858 - INFO - graphrag.logger.progress - level 1 summarize communities progress: 7/11
2025-08-07 06:22:31.0826 - INFO - graphrag.logger.progress - level 1 summarize communities progress: 8/11
2025-08-07 06:24:48.0341 - INFO - graphrag.logger.progress - level 1 summarize communities progress: 9/11
2025-08-07 06:27:28.0155 - INFO - graphrag.logger.progress - level 1 summarize communities progress: 10/11
2025-08-07 06:29:43.0759 - INFO - graphrag.logger.progress - level 1 summarize communities progress: 11/11
2025-08-07 06:33:07.0357 - INFO - graphrag.logger.progress - level 0 summarize communities progress: 1/8
2025-08-07 06:36:44.0457 - INFO - graphrag.logger.progress - level 0 summarize communities progress: 2/8
2025-08-07 06:40:25.0026 - INFO - graphrag.logger.progress - level 0 summarize communities progress: 3/8
2025-08-07 06:43:47.0338 - INFO - graphrag.logger.progress - level 0 summarize communities progress: 4/8
2025-08-07 06:46:06.0817 - INFO - graphrag.logger.progress - level 0 summarize communities progress: 5/8
2025-08-07 06:48:57.0206 - INFO - graphrag.logger.progress - level 0 summarize communities progress: 6/8
2025-08-07 06:51:53.0197 - INFO - graphrag.logger.progress - level 0 summarize communities progress: 7/8
2025-08-07 06:56:07.0038 - INFO - graphrag.logger.progress - level 0 summarize communities progress: 8/8
2025-08-07 06:56:07.0072 - INFO - graphrag.index.workflows.create_community_reports - Workflow completed: create_community_reports
2025-08-07 06:56:07.0073 - INFO - graphrag.api.index - Workflow create_community_reports completed successfully
2025-08-07 06:56:07.0117 - INFO - graphrag.index.workflows.generate_text_embeddings - Workflow started: generate_text_embeddings
2025-08-07 06:56:07.0120 - INFO - graphrag.utils.storage - reading table from storage: documents.parquet
2025-08-07 06:56:07.0163 - INFO - graphrag.utils.storage - reading table from storage: relationships.parquet
2025-08-07 06:56:07.0176 - INFO - graphrag.utils.storage - reading table from storage: text_units.parquet
2025-08-07 06:56:07.0193 - INFO - graphrag.utils.storage - reading table from storage: entities.parquet
2025-08-07 06:56:07.0206 - INFO - graphrag.utils.storage - reading table from storage: community_reports.parquet
2025-08-07 06:56:07.0253 - INFO - graphrag.index.workflows.generate_text_embeddings - Creating embeddings
2025-08-07 06:56:07.0254 - INFO - graphrag.index.operations.embed_text.embed_text - using vector store lancedb with container_name default for embedding entity.description: default-entity-description
2025-08-07 06:56:07.0328 - INFO - graphrag.index.operations.embed_text.embed_text - uploading text embeddings batch 1/1 of size 500 to vector store
2025-08-07 06:56:07.0938 - INFO - graphrag.index.operations.embed_text.strategies.openai - embedding 261 inputs via 261 snippets using 17 batches. max_batch_size=16, batch_max_tokens=8191
2025-08-07 06:56:17.0740 - INFO - graphrag.logger.progress - generate embeddings progress: 1/17
2025-08-07 06:56:18.0956 - INFO - graphrag.logger.progress - generate embeddings progress: 2/17
2025-08-07 06:56:21.0092 - INFO - graphrag.logger.progress - generate embeddings progress: 3/17
2025-08-07 06:56:21.0740 - INFO - graphrag.logger.progress - generate embeddings progress: 4/17
2025-08-07 06:56:22.0481 - INFO - graphrag.logger.progress - generate embeddings progress: 5/17
2025-08-07 06:56:25.0115 - INFO - graphrag.logger.progress - generate embeddings progress: 6/17
2025-08-07 06:56:25.0924 - INFO - graphrag.logger.progress - generate embeddings progress: 7/17
2025-08-07 06:56:26.0519 - INFO - graphrag.logger.progress - generate embeddings progress: 8/17
2025-08-07 06:56:27.0947 - INFO - graphrag.logger.progress - generate embeddings progress: 9/17
2025-08-07 06:56:28.0863 - INFO - graphrag.logger.progress - generate embeddings progress: 10/17
2025-08-07 06:56:30.0023 - INFO - graphrag.logger.progress - generate embeddings progress: 11/17
2025-08-07 06:56:32.0305 - INFO - graphrag.logger.progress - generate embeddings progress: 12/17
2025-08-07 06:56:33.0654 - INFO - graphrag.logger.progress - generate embeddings progress: 13/17
2025-08-07 06:56:34.0377 - INFO - graphrag.logger.progress - generate embeddings progress: 14/17
2025-08-07 06:56:35.0275 - INFO - graphrag.logger.progress - generate embeddings progress: 15/17
2025-08-07 06:56:36.0275 - INFO - graphrag.logger.progress - generate embeddings progress: 16/17
2025-08-07 06:56:36.0651 - INFO - graphrag.logger.progress - generate embeddings progress: 17/17
2025-08-07 06:56:37.0005 - INFO - graphrag.index.operations.embed_text.embed_text - using vector store lancedb with container_name default for embedding community.full_content: default-community-full_content
2025-08-07 06:56:37.0015 - INFO - graphrag.index.operations.embed_text.embed_text - uploading text embeddings batch 1/1 of size 500 to vector store
2025-08-07 06:56:37.0046 - INFO - graphrag.index.operations.embed_text.strategies.openai - embedding 19 inputs via 19 snippets using 2 batches. max_batch_size=16, batch_max_tokens=8191
2025-08-07 06:56:41.0246 - INFO - graphrag.logger.progress - generate embeddings progress: 1/2
2025-08-07 06:56:56.0199 - INFO - graphrag.logger.progress - generate embeddings progress: 2/2
2025-08-07 06:56:56.0276 - INFO - graphrag.index.operations.embed_text.embed_text - using vector store lancedb with container_name default for embedding text_unit.text: default-text_unit-text
2025-08-07 06:56:56.0283 - INFO - graphrag.index.operations.embed_text.embed_text - uploading text embeddings batch 1/1 of size 500 to vector store
2025-08-07 06:56:56.0365 - INFO - graphrag.index.operations.embed_text.strategies.openai - embedding 51 inputs via 51 snippets using 9 batches. max_batch_size=16, batch_max_tokens=8191
2025-08-07 06:57:11.0802 - INFO - graphrag.logger.progress - generate embeddings progress: 1/9
2025-08-07 06:57:18.0963 - INFO - graphrag.logger.progress - generate embeddings progress: 2/9
2025-08-07 06:57:34.0085 - INFO - graphrag.logger.progress - generate embeddings progress: 3/9
2025-08-07 06:57:49.0208 - INFO - graphrag.logger.progress - generate embeddings progress: 4/9
2025-08-07 06:58:04.0101 - INFO - graphrag.logger.progress - generate embeddings progress: 5/9
2025-08-07 06:58:19.0379 - INFO - graphrag.logger.progress - generate embeddings progress: 6/9
2025-08-07 06:58:33.0697 - INFO - graphrag.logger.progress - generate embeddings progress: 7/9
2025-08-07 06:58:48.0392 - INFO - graphrag.logger.progress - generate embeddings progress: 8/9
2025-08-07 06:59:03.0561 - INFO - graphrag.logger.progress - generate embeddings progress: 9/9
2025-08-07 06:59:03.0652 - INFO - graphrag.index.workflows.generate_text_embeddings - Workflow completed: generate_text_embeddings
2025-08-07 06:59:03.0654 - INFO - graphrag.api.index - Workflow generate_text_embeddings completed successfully
2025-08-07 06:59:03.0735 - INFO - graphrag.index.run.run_pipeline - Indexing pipeline complete.
2025-08-07 06:59:03.0747 - INFO - graphrag.cli.index - All workflows completed successfully.
2025-08-07 10:56:54.0542 - INFO - graphrag.cli.query - Local Search Response:
When deciding between Ragtag (RAG) and Fine-Tuning, consider the following factors:

1. **Complexity of the model**: If you're working with a complex dataset or need to handle intricate relationships between variables, Fine-Tuning might be a better choice. RAG is more suitable for simpler datasets.
2. **Data size and availability**: RAG can handle larger datasets than Fine-Tuning, making it a good option when dealing with massive amounts of data. However, if you have limited computational resources or smaller datasets, Fine-Tuning might be more feasible.
3. **Computational resources**: RAG requires more computational power due to its iterative process, whereas Fine-Tuning is generally faster and more efficient.
4. **Interpretability and explainability**: RAG provides more interpretability and explainability results compared to Fine-Tuning, as it involves a more explicit optimization process.
5. **Scalability**: RAG can be scaled up or down depending on the dataset size, whereas Fine-Tuning is typically used for smaller-scale tasks.
6. **Model architecture**: If you're working with a specific model architecture (e.g., transformer), Fine-Tuning might be a better choice since it's designed to work seamlessly with pre-trained models.
7. **Task type**: RAG is often used for regression and classification tasks, while Fine-Tuning is more commonly applied to other types of tasks, such as sentiment analysis or question answering.
8. **Training time**: RAG can take longer to train than Fine-Tuning due to its iterative process, so consider your available training time when making a decision.
9. **Hyperparameter tuning**: RAG often requires hyperparameter tuning, which can be time-consuming and may require additional expertise.
10. **Research goals**: If you're working on a research project that requires exploring complex relationships or handling large datasets, RAG might be the better choice. For smaller-scale tasks with simpler datasets, Fine-Tuning could be more suitable.

Ultimately, the choice between RAG and Fine-Tuning depends on your specific needs, dataset characteristics, and computational resources.
2025-08-07 11:03:24.0124 - INFO - graphrag.cli.query - Local Search Response:
RAG can refer to different things, but here are a few possible meanings:

1. Rag (textile): A rag is an old or worn-out piece of fabric, often used for cleaning or making rags.
2. Rag (music): In music, particularly in jazz and blues, "rag" refers to a style of improvisation characterized by rapid arpeggios (broken chords played in a smooth, flowing manner) on the piano or other instruments.
3. RAG (organization): The RAG (Rescue and Recovery Group) is a UK-based charity that supports people affected by cancer, as well as those who have experienced trauma or loss.
4. Rag (slang): In some regions, particularly in the southern United States, "rag" can be used as a slang term for something that's worthless or of poor quality.

If you could provide more context or information about what RAG refers to in your specific situation, I'd be happy to try and help further!
2025-08-07 11:13:45.0408 - WARNING - graphrag.query.structured_search.global_search.search - Warning: All map responses have score 0 (i.e., no relevant information found from the dataset), returning a canned 'I do not know' answer. You can try enabling `allow_general_knowledge` to encourage the LLM to incorporate relevant general knowledge, at the risk of increasing hallucinations.
2025-08-07 11:13:45.0414 - INFO - graphrag.cli.query - Global Search Response:
I am sorry but I am unable to answer this question given the provided data.
2025-08-07 11:15:54.0672 - INFO - graphrag.cli.query - Local Search Response:
Fine-tuning is a technique used in machine learning and deep learning to improve the performance of a pre-trained model on a specific task. Here's how it works:

**Pre-training**: A large, general-purpose model (e.g., BERT, VGG, ResNet) is trained on a massive dataset of text, images, or other types of data. This process allows the model to learn general features and representations that can be applied to various tasks.

**Fine-tuning**: The pre-trained model is then fine-tuned on a smaller dataset specifically designed for the target task. This involves adjusting the model's weights to better fit the new task.

Here are the steps involved in fine-tuning:

1. **Data preparation**: Collect and preprocess the data for the target task.
2. **Model initialization**: Initialize the pre-trained model with its learned weights.
3. **Weight update**: Update the model's weights using a smaller learning rate than during pre-training. This allows the model to adapt to the new task without overwriting the general features learned during pre-training.
4. **Task-specific training**: Train the fine-tuned model on the target dataset, adjusting the weights to minimize the loss function (e.g., cross-entropy).
5. **Evaluation**: Evaluate the performance of the fine-tuned model on a validation set.

**Key benefits of fine-tuning**:

1. **Improved performance**: Fine-tuning can lead to significant improvements in performance compared to using a pre-trained model without any adjustments.
2. **Reduced training time**: Fine-tuning is typically faster than retraining from scratch, as the pre-trained model has already learned general features.
3. **Increased efficiency**: Fine-tuning allows you to leverage the knowledge gained during pre-training, reducing the need for extensive retraining.

**Common fine-tuning techniques**:

1. **Weight decay**: Gradually decrease the learning rate over time to prevent overfitting.
2. **Batch normalization**: Normalize the input data to improve stability and reduce overfitting.
3. **Dropout**: Randomly drop out neurons during training to prevent overfitting.

By fine-tuning a pre-trained model, you can adapt it to a specific task while retaining its general features and representations, leading to improved performance and efficiency.
2025-08-07 11:17:28.0863 - INFO - graphrag.cli.query - Local Search Response:
Knowledge graphs are used for a variety of purposes, including:

1. **Information Retrieval**: Knowledge graphs can be used to retrieve relevant information from a large corpus of text or data, by querying the graph and retrieving related entities and their relationships.
2. **Question Answering**: Knowledge graphs can be used to answer questions by identifying the relevant entities and relationships in the graph that match the question.
3. **Recommendation Systems**: Knowledge graphs can be used to build recommendation systems by identifying patterns and relationships between entities and recommending items or actions based on those relationships.
4. **Natural Language Processing (NLP)**: Knowledge graphs can be used to improve NLP tasks such as text classification, sentiment analysis, and entity recognition by providing a structured representation of the data.
5. **Data Integration**: Knowledge graphs can be used to integrate data from multiple sources into a single, unified graph, making it easier to query and analyze the data.
6. **Entity Disambiguation**: Knowledge graphs can be used to disambiguate entities with the same name but different meanings, by identifying their relationships and context.
7. **Knowledge Graph Embeddings**: Knowledge graphs can be used to build embeddings that capture the semantic meaning of entities and relationships in the graph, which can be used for tasks such as classification and clustering.
8. **Graph-Based Reasoning**: Knowledge graphs can be used to perform graph-based reasoning tasks such as inference and deduction, by identifying patterns and relationships between entities and their properties.
9. **Data Enrichment**: Knowledge graphs can be used to enrich data with additional information and context, making it more useful for analysis and decision-making.
10. **Artificial Intelligence (AI) and Machine Learning (ML)**: Knowledge graphs are a key component of many AI and ML applications, including chatbots, virtual assistants, and expert systems.

Some examples of knowledge graph applications include:

* Google's Knowledge Graph
* Wikipedia's Entity-Disambiguation System
* Amazon's Recommendation Engine
* Facebook's Entity Disambiguation System
* IBM Watson's Natural Language Processing (NLP) capabilities

Overall, knowledge graphs provide a powerful way to represent and query complex data relationships, making them a key component of many AI and ML applications.
